{"/Users/waleedjudah/gt/itchio/mayor/rig/src/cli.ts": {"path":"/Users/waleedjudah/gt/itchio/mayor/rig/src/cli.ts","statementMap":{"0":{"start":{"line":63,"column":0},"end":{"line":63,"column":22}},"1":{"start":{"line":4,"column":0},"end":{"line":4,"column":23}},"2":{"start":{"line":5,"column":0},"end":{"line":5,"column":61}},"3":{"start":{"line":6,"column":0},"end":{"line":6,"column":73}},"4":{"start":{"line":15,"column":2},"end":{"line":15,"column":32}},"5":{"start":{"line":15,"column":19},"end":{"line":15,"column":32}},"6":{"start":{"line":16,"column":16},"end":{"line":16,"column":39}},"7":{"start":{"line":17,"column":12},"end":{"line":17,"column":56}},"8":{"start":{"line":18,"column":2},"end":{"line":18,"column":65}},"9":{"start":{"line":22,"column":50},"end":{"line":22,"column":54}},"10":{"start":{"line":23,"column":15},"end":{"line":23,"column":58}},"11":{"start":{"line":24,"column":16},"end":{"line":24,"column":61}},"12":{"start":{"line":26,"column":2},"end":{"line":39,"column":3}},"13":{"start":{"line":27,"column":16},"end":{"line":27,"column":55}},"14":{"start":{"line":28,"column":21},"end":{"line":28,"column":44}},"15":{"start":{"line":29,"column":19},"end":{"line":29,"column":45}},"16":{"start":{"line":30,"column":16},"end":{"line":30,"column":76}},"17":{"start":{"line":31,"column":19},"end":{"line":31,"column":53}},"18":{"start":{"line":32,"column":4},"end":{"line":34,"column":6}},"19":{"start":{"line":36,"column":4},"end":{"line":38,"column":6}},"20":{"start":{"line":46,"column":18},"end":{"line":46,"column":59}},"21":{"start":{"line":48,"column":2},"end":{"line":60,"column":3}},"22":{"start":{"line":49,"column":4},"end":{"line":59,"column":5}},"23":{"start":{"line":50,"column":6},"end":{"line":50,"column":45}},"24":{"start":{"line":51,"column":6},"end":{"line":51,"column":61}},"25":{"start":{"line":51,"column":22},"end":{"line":51,"column":61}},"26":{"start":{"line":52,"column":6},"end":{"line":52,"column":73}},"27":{"start":{"line":52,"column":26},"end":{"line":52,"column":73}},"28":{"start":{"line":53,"column":6},"end":{"line":53,"column":75}},"29":{"start":{"line":53,"column":29},"end":{"line":53,"column":75}},"30":{"start":{"line":54,"column":6},"end":{"line":54,"column":87}},"31":{"start":{"line":54,"column":24},"end":{"line":54,"column":87}},"32":{"start":{"line":55,"column":6},"end":{"line":55,"column":82}},"33":{"start":{"line":55,"column":25},"end":{"line":55,"column":82}},"34":{"start":{"line":57,"column":6},"end":{"line":57,"column":47}},"35":{"start":{"line":58,"column":6},"end":{"line":58,"column":74}},"36":{"start":{"line":58,"column":24},"end":{"line":58,"column":74}},"37":{"start":{"line":64,"column":2},"end":{"line":203,"column":null}},"38":{"start":{"line":67,"column":16},"end":{"line":67,"column":47}},"39":{"start":{"line":67,"column":17},"end":{"line":67,"column":38}},"40":{"start":{"line":68,"column":18},"end":{"line":68,"column":51}},"41":{"start":{"line":68,"column":38},"end":{"line":68,"column":51}},"42":{"start":{"line":71,"column":4},"end":{"line":146,"column":16}},"43":{"start":{"line":133,"column":6},"end":{"line":139,"column":7}},"44":{"start":{"line":134,"column":8},"end":{"line":134,"column":20}},"45":{"start":{"line":135,"column":13},"end":{"line":139,"column":7}},"46":{"start":{"line":136,"column":8},"end":{"line":136,"column":20}},"47":{"start":{"line":137,"column":13},"end":{"line":139,"column":7}},"48":{"start":{"line":138,"column":8},"end":{"line":138,"column":20}},"49":{"start":{"line":140,"column":6},"end":{"line":142,"column":8}},"50":{"start":{"line":148,"column":17},"end":{"line":148,"column":56}},"51":{"start":{"line":150,"column":4},"end":{"line":150,"column":65}},"52":{"start":{"line":152,"column":2},"end":{"line":168,"column":3}},"53":{"start":{"line":153,"column":4},"end":{"line":166,"column":5}},"54":{"start":{"line":154,"column":6},"end":{"line":154,"column":70}},"55":{"start":{"line":155,"column":21},"end":{"line":159,"column":8}},"56":{"start":{"line":160,"column":6},"end":{"line":160,"column":64}},"57":{"start":{"line":162,"column":6},"end":{"line":164,"column":8}},"58":{"start":{"line":165,"column":6},"end":{"line":165,"column":27}},"59":{"start":{"line":167,"column":4},"end":{"line":167,"column":11}},"60":{"start":{"line":170,"column":37},"end":{"line":174,"column":4}},"61":{"start":{"line":175,"column":2},"end":{"line":175,"column":37}},"62":{"start":{"line":175,"column":14},"end":{"line":175,"column":37}},"63":{"start":{"line":176,"column":2},"end":{"line":176,"column":80}},"64":{"start":{"line":176,"column":30},"end":{"line":176,"column":80}},"65":{"start":{"line":177,"column":2},"end":{"line":177,"column":42}},"66":{"start":{"line":177,"column":19},"end":{"line":177,"column":42}},"67":{"start":{"line":178,"column":2},"end":{"line":178,"column":38}},"68":{"start":{"line":178,"column":18},"end":{"line":178,"column":38}},"69":{"start":{"line":179,"column":2},"end":{"line":179,"column":53}},"70":{"start":{"line":179,"column":21},"end":{"line":179,"column":53}},"71":{"start":{"line":180,"column":2},"end":{"line":180,"column":72}},"72":{"start":{"line":180,"column":34},"end":{"line":180,"column":72}},"73":{"start":{"line":181,"column":2},"end":{"line":182,"column":50}},"74":{"start":{"line":182,"column":4},"end":{"line":182,"column":50}},"75":{"start":{"line":183,"column":2},"end":{"line":185,"column":3}},"76":{"start":{"line":184,"column":4},"end":{"line":184,"column":35}},"77":{"start":{"line":187,"column":2},"end":{"line":202,"column":3}},"78":{"start":{"line":188,"column":4},"end":{"line":190,"column":6}},"79":{"start":{"line":191,"column":18},"end":{"line":191,"column":67}},"80":{"start":{"line":192,"column":19},"end":{"line":195,"column":6}},"81":{"start":{"line":196,"column":4},"end":{"line":196,"column":32}},"82":{"start":{"line":198,"column":4},"end":{"line":200,"column":6}},"83":{"start":{"line":201,"column":4},"end":{"line":201,"column":25}},"84":{"start":{"line":205,"column":0},"end":{"line":207,"column":1}},"85":{"start":{"line":206,"column":2},"end":{"line":206,"column":44}}},"fnMap":{"0":{"name":"formatBytes","decl":{"start":{"line":14,"column":9},"end":{"line":14,"column":20}},"loc":{"start":{"line":14,"column":34},"end":{"line":19,"column":1}}},"1":{"name":"renderProgressBar","decl":{"start":{"line":21,"column":9},"end":{"line":21,"column":26}},"loc":{"start":{"line":21,"column":49},"end":{"line":40,"column":1}}},"2":{"name":"printResult","decl":{"start":{"line":42,"column":9},"end":{"line":42,"column":20}},"loc":{"start":{"line":44,"column":55},"end":{"line":61,"column":1}}},"3":{"name":"run","decl":{"start":{"line":63,"column":22},"end":{"line":63,"column":25}},"loc":{"start":{"line":63,"column":25},"end":{"line":203,"column":null}}},"4":{"name":"(anonymous_20)","decl":{"start":{"line":64,"column":2},"end":{"line":64,"column":24}},"loc":{"start":{"line":65,"column":47},"end":{"line":203,"column":1}}},"5":{"name":"(anonymous_21)","decl":{"start":{"line":67,"column":17},"end":{"line":67,"column":30}},"loc":{"start":{"line":67,"column":17},"end":{"line":67,"column":38}}},"6":{"name":"(anonymous_22)","decl":{"start":{"line":68,"column":18},"end":{"line":68,"column":19}},"loc":{"start":{"line":68,"column":38},"end":{"line":68,"column":51}}},"7":{"name":"(anonymous_23)","decl":{"start":{"line":132,"column":11},"end":{"line":132,"column":12}},"loc":{"start":{"line":132,"column":20},"end":{"line":143,"column":5}}}},"branchMap":{"0":{"loc":{"start":{"line":15,"column":2},"end":{"line":15,"column":32}},"type":"if","locations":[{"start":{"line":15,"column":2},"end":{"line":15,"column":32}},{"start":{},"end":{}}]},"1":{"loc":{"start":{"line":23,"column":24},"end":{"line":23,"column":52}},"type":"binary-expr","locations":[{"start":{"line":23,"column":24},"end":{"line":23,"column":46}},{"start":{"line":23,"column":50},"end":{"line":23,"column":52}}]},"2":{"loc":{"start":{"line":24,"column":16},"end":{"line":24,"column":61}},"type":"cond-expr","locations":[{"start":{"line":24,"column":27},"end":{"line":24,"column":48}},{"start":{"line":24,"column":51},"end":{"line":24,"column":61}}]},"3":{"loc":{"start":{"line":26,"column":2},"end":{"line":39,"column":3}},"type":"if","locations":[{"start":{"line":26,"column":2},"end":{"line":39,"column":3}},{"start":{"line":35,"column":9},"end":{"line":39,"column":3}}]},"4":{"loc":{"start":{"line":26,"column":6},"end":{"line":26,"column":34}},"type":"binary-expr","locations":[{"start":{"line":26,"column":6},"end":{"line":26,"column":16}},{"start":{"line":26,"column":20},"end":{"line":26,"column":34}}]},"5":{"loc":{"start":{"line":46,"column":18},"end":{"line":46,"column":59}},"type":"cond-expr","locations":[{"start":{"line":46,"column":42},"end":{"line":46,"column":48}},{"start":{"line":46,"column":51},"end":{"line":46,"column":59}}]},"6":{"loc":{"start":{"line":49,"column":4},"end":{"line":59,"column":5}},"type":"if","locations":[{"start":{"line":49,"column":4},"end":{"line":59,"column":5}},{"start":{"line":56,"column":11},"end":{"line":59,"column":5}}]},"7":{"loc":{"start":{"line":51,"column":6},"end":{"line":51,"column":61}},"type":"if","locations":[{"start":{"line":51,"column":6},"end":{"line":51,"column":61}},{"start":{},"end":{}}]},"8":{"loc":{"start":{"line":52,"column":6},"end":{"line":52,"column":73}},"type":"if","locations":[{"start":{"line":52,"column":6},"end":{"line":52,"column":73}},{"start":{},"end":{}}]},"9":{"loc":{"start":{"line":53,"column":6},"end":{"line":53,"column":75}},"type":"if","locations":[{"start":{"line":53,"column":6},"end":{"line":53,"column":75}},{"start":{},"end":{}}]},"10":{"loc":{"start":{"line":53,"column":10},"end":{"line":53,"column":27}},"type":"cond-expr","locations":[{"start":{"line":53,"column":20},"end":{"line":53,"column":22}},{"start":{"line":53,"column":20},"end":{"line":53,"column":27}}]},"11":{"loc":{"start":{"line":53,"column":10},"end":{"line":53,"column":22}},"type":"binary-expr","locations":[{"start":{"line":53,"column":10},"end":{"line":53,"column":22}},{"start":{"line":53,"column":20},"end":{"line":53,"column":22}}]},"12":{"loc":{"start":{"line":54,"column":6},"end":{"line":54,"column":87}},"type":"if","locations":[{"start":{"line":54,"column":6},"end":{"line":54,"column":87}},{"start":{},"end":{}}]},"13":{"loc":{"start":{"line":55,"column":6},"end":{"line":55,"column":82}},"type":"if","locations":[{"start":{"line":55,"column":6},"end":{"line":55,"column":82}},{"start":{},"end":{}}]},"14":{"loc":{"start":{"line":58,"column":6},"end":{"line":58,"column":74}},"type":"if","locations":[{"start":{"line":58,"column":6},"end":{"line":58,"column":74}},{"start":{},"end":{}}]},"15":{"loc":{"start":{"line":64,"column":2},"end":{"line":64,"column":36}},"type":"default-arg","locations":[{"start":{"line":64,"column":24},"end":{"line":64,"column":36}}]},"16":{"loc":{"start":{"line":133,"column":6},"end":{"line":139,"column":7}},"type":"if","locations":[{"start":{"line":133,"column":6},"end":{"line":139,"column":7}},{"start":{"line":135,"column":13},"end":{"line":139,"column":7}}]},"17":{"loc":{"start":{"line":135,"column":13},"end":{"line":139,"column":7}},"type":"if","locations":[{"start":{"line":135,"column":13},"end":{"line":139,"column":7}},{"start":{"line":137,"column":13},"end":{"line":139,"column":7}}]},"18":{"loc":{"start":{"line":137,"column":13},"end":{"line":139,"column":7}},"type":"if","locations":[{"start":{"line":137,"column":13},"end":{"line":139,"column":7}},{"start":{},"end":{}}]},"19":{"loc":{"start":{"line":137,"column":17},"end":{"line":137,"column":41}},"type":"binary-expr","locations":[{"start":{"line":137,"column":17},"end":{"line":137,"column":26}},{"start":{"line":137,"column":30},"end":{"line":137,"column":41}}]},"20":{"loc":{"start":{"line":148,"column":17},"end":{"line":148,"column":56}},"type":"cond-expr","locations":[{"start":{"line":148,"column":28},"end":{"line":148,"column":32}},{"start":{"line":148,"column":32},"end":{"line":148,"column":56}}]},"21":{"loc":{"start":{"line":148,"column":17},"end":{"line":148,"column":32}},"type":"binary-expr","locations":[{"start":{"line":148,"column":17},"end":{"line":148,"column":32}},{"start":{"line":148,"column":28},"end":{"line":148,"column":32}}]},"22":{"loc":{"start":{"line":150,"column":4},"end":{"line":150,"column":65}},"type":"cond-expr","locations":[{"start":{"line":150,"column":37},"end":{"line":150,"column":61}},{"start":{"line":150,"column":64},"end":{"line":150,"column":65}}]},"23":{"loc":{"start":{"line":152,"column":2},"end":{"line":168,"column":3}},"type":"if","locations":[{"start":{"line":152,"column":2},"end":{"line":168,"column":3}},{"start":{},"end":{}}]},"24":{"loc":{"start":{"line":163,"column":50},"end":{"line":163,"column":104}},"type":"cond-expr","locations":[{"start":{"line":163,"column":75},"end":{"line":163,"column":88}},{"start":{"line":163,"column":91},"end":{"line":163,"column":104}}]},"25":{"loc":{"start":{"line":175,"column":2},"end":{"line":175,"column":37}},"type":"if","locations":[{"start":{"line":175,"column":2},"end":{"line":175,"column":37}},{"start":{},"end":{}}]},"26":{"loc":{"start":{"line":176,"column":2},"end":{"line":176,"column":80}},"type":"if","locations":[{"start":{"line":176,"column":2},"end":{"line":176,"column":80}},{"start":{},"end":{}}]},"27":{"loc":{"start":{"line":177,"column":2},"end":{"line":177,"column":42}},"type":"if","locations":[{"start":{"line":177,"column":2},"end":{"line":177,"column":42}},{"start":{},"end":{}}]},"28":{"loc":{"start":{"line":178,"column":2},"end":{"line":178,"column":38}},"type":"if","locations":[{"start":{"line":178,"column":2},"end":{"line":178,"column":38}},{"start":{},"end":{}}]},"29":{"loc":{"start":{"line":179,"column":2},"end":{"line":179,"column":53}},"type":"if","locations":[{"start":{"line":179,"column":2},"end":{"line":179,"column":53}},{"start":{},"end":{}}]},"30":{"loc":{"start":{"line":180,"column":2},"end":{"line":180,"column":72}},"type":"if","locations":[{"start":{"line":180,"column":2},"end":{"line":180,"column":72}},{"start":{},"end":{}}]},"31":{"loc":{"start":{"line":181,"column":2},"end":{"line":182,"column":50}},"type":"if","locations":[{"start":{"line":181,"column":2},"end":{"line":182,"column":50}},{"start":{},"end":{}}]},"32":{"loc":{"start":{"line":183,"column":2},"end":{"line":185,"column":3}},"type":"if","locations":[{"start":{"line":183,"column":2},"end":{"line":185,"column":3}},{"start":{},"end":{}}]},"33":{"loc":{"start":{"line":189,"column":26},"end":{"line":189,"column":81}},"type":"binary-expr","locations":[{"start":{"line":189,"column":26},"end":{"line":189,"column":44}},{"start":{"line":189,"column":48},"end":{"line":189,"column":81}}]},"34":{"loc":{"start":{"line":191,"column":18},"end":{"line":191,"column":67}},"type":"cond-expr","locations":[{"start":{"line":191,"column":45},"end":{"line":191,"column":63}},{"start":{"line":191,"column":66},"end":{"line":191,"column":67}}]},"35":{"loc":{"start":{"line":199,"column":37},"end":{"line":199,"column":91}},"type":"cond-expr","locations":[{"start":{"line":199,"column":62},"end":{"line":199,"column":75}},{"start":{"line":199,"column":78},"end":{"line":199,"column":91}}]},"36":{"loc":{"start":{"line":205,"column":0},"end":{"line":207,"column":1}},"type":"if","locations":[{"start":{"line":205,"column":0},"end":{"line":207,"column":1}},{"start":{},"end":{}}]}},"s":{"0":1,"1":1,"2":1,"3":1,"4":0,"5":0,"6":0,"7":0,"8":0,"9":0,"10":0,"11":0,"12":0,"13":0,"14":0,"15":0,"16":0,"17":0,"18":0,"19":0,"20":8,"21":8,"22":8,"23":8,"24":8,"25":0,"26":8,"27":0,"28":8,"29":0,"30":8,"31":0,"32":8,"33":0,"34":0,"35":0,"36":0,"37":10,"38":10,"39":10,"40":10,"41":10,"42":10,"43":10,"44":1,"45":9,"46":7,"47":2,"48":1,"49":1,"50":9,"51":9,"52":9,"53":1,"54":1,"55":1,"56":1,"57":0,"58":0,"59":1,"60":8,"61":8,"62":2,"63":8,"64":1,"65":8,"66":1,"67":8,"68":0,"69":8,"70":0,"71":8,"72":1,"73":8,"74":1,"75":8,"76":0,"77":8,"78":8,"79":8,"80":8,"81":7,"82":1,"83":1,"84":1,"85":0},"f":{"0":0,"1":0,"2":8,"3":10,"4":10,"5":10,"6":10,"7":10},"b":{"0":[0,0],"1":[0,0],"2":[0,0],"3":[0,0],"4":[0,0],"5":[0,8],"6":[8,0],"7":[0,8],"8":[0,8],"9":[0,8],"10":[8,0],"11":[8,8],"12":[0,8],"13":[0,8],"14":[0,0],"15":[0],"16":[1,9],"17":[7,2],"18":[1,1],"19":[2,2],"20":[1,8],"21":[9,9],"22":[2,7],"23":[1,8],"24":[0,0],"25":[2,6],"26":[1,7],"27":[1,7],"28":[0,8],"29":[0,8],"30":[1,7],"31":[1,7],"32":[0,8],"33":[8,1],"34":[0,8],"35":[1,0],"36":[0,1]}}
,"/Users/waleedjudah/gt/itchio/mayor/rig/src/fileUtils/createDirectory.ts": {"path":"/Users/waleedjudah/gt/itchio/mayor/rig/src/fileUtils/createDirectory.ts","statementMap":{"0":{"start":{"line":9,"column":0},"end":{"line":9,"column":22}},"1":{"start":{"line":1,"column":0},"end":{"line":1,"column":29}},"2":{"start":{"line":9,"column":38},"end":{"line":39,"column":null}},"3":{"start":{"line":14,"column":16},"end":{"line":14,"column":21}},"4":{"start":{"line":15,"column":2},"end":{"line":38,"column":3}},"5":{"start":{"line":17,"column":31},"end":{"line":19,"column":17}},"6":{"start":{"line":21,"column":4},"end":{"line":27,"column":5}},"7":{"start":{"line":22,"column":6},"end":{"line":22,"column":42}},"8":{"start":{"line":23,"column":6},"end":{"line":23,"column":21}},"9":{"start":{"line":26,"column":6},"end":{"line":26,"column":62}},"10":{"start":{"line":30,"column":4},"end":{"line":32,"column":5}},"11":{"start":{"line":31,"column":6},"end":{"line":31,"column":53}},"12":{"start":{"line":34,"column":4},"end":{"line":34,"column":42}},"13":{"start":{"line":36,"column":4},"end":{"line":36,"column":78}},"14":{"start":{"line":37,"column":4},"end":{"line":37,"column":39}}},"fnMap":{"0":{"name":"createDirectory","decl":{"start":{"line":9,"column":22},"end":{"line":9,"column":37}},"loc":{"start":{"line":9,"column":37},"end":{"line":39,"column":null}}},"1":{"name":"(anonymous_9)","decl":{"start":{"line":9,"column":38},"end":{"line":9,"column":null}},"loc":{"start":{"line":13,"column":1},"end":{"line":39,"column":1}}}},"branchMap":{"0":{"loc":{"start":{"line":17,"column":31},"end":{"line":19,"column":17}},"type":"cond-expr","locations":[{"start":{"line":18,"column":8},"end":{"line":18,"column":23}},{"start":{"line":19,"column":8},"end":{"line":19,"column":17}}]},"1":{"loc":{"start":{"line":30,"column":4},"end":{"line":32,"column":5}},"type":"if","locations":[{"start":{"line":30,"column":4},"end":{"line":32,"column":5}},{"start":{},"end":{}}]},"2":{"loc":{"start":{"line":30,"column":8},"end":{"line":30,"column":52}},"type":"binary-expr","locations":[{"start":{"line":30,"column":8},"end":{"line":30,"column":40}},{"start":{"line":30,"column":44},"end":{"line":30,"column":52}}]}},"s":{"0":5,"1":5,"2":37,"3":37,"4":37,"5":37,"6":37,"7":37,"8":31,"9":6,"10":37,"11":0,"12":37,"13":0,"14":0},"f":{"0":37,"1":37},"b":{"0":[0,37],"1":[0,37],"2":[37,0]}}
,"/Users/waleedjudah/gt/itchio/mayor/rig/src/fileUtils/createFile.ts": {"path":"/Users/waleedjudah/gt/itchio/mayor/rig/src/fileUtils/createFile.ts","statementMap":{"0":{"start":{"line":1,"column":0},"end":{"line":1,"column":29}},"1":{"start":{"line":2,"column":0},"end":{"line":2,"column":46}},"2":{"start":{"line":3,"column":0},"end":{"line":3,"column":24}},"3":{"start":{"line":4,"column":0},"end":{"line":4,"column":42}},"4":{"start":{"line":13,"column":26},"end":{"line":117,"column":2}},"5":{"start":{"line":42,"column":4},"end":{"line":117,"column":2}},"6":{"start":{"line":44,"column":29},"end":{"line":44,"column":76}},"7":{"start":{"line":45,"column":26},"end":{"line":45,"column":50}},"8":{"start":{"line":47,"column":18},"end":{"line":112,"column":null}},"9":{"start":{"line":48,"column":45},"end":{"line":112,"column":6}},"10":{"start":{"line":49,"column":50},"end":{"line":49,"column":57}},"11":{"start":{"line":50,"column":27},"end":{"line":50,"column":57}},"12":{"start":{"line":52,"column":6},"end":{"line":56,"column":7}},"13":{"start":{"line":53,"column":8},"end":{"line":55,"column":10}},"14":{"start":{"line":58,"column":24},"end":{"line":58,"column":46}},"15":{"start":{"line":59,"column":33},"end":{"line":62,"column":null}},"16":{"start":{"line":65,"column":6},"end":{"line":111,"column":7}},"17":{"start":{"line":66,"column":8},"end":{"line":69,"column":11}},"18":{"start":{"line":70,"column":23},"end":{"line":70,"column":27}},"19":{"start":{"line":71,"column":24},"end":{"line":71,"column":28}},"20":{"start":{"line":72,"column":24},"end":{"line":72,"column":43}},"21":{"start":{"line":73,"column":28},"end":{"line":73,"column":58}},"22":{"start":{"line":77,"column":23},"end":{"line":77,"column":27}},"23":{"start":{"line":78,"column":8},"end":{"line":83,"column":9}},"24":{"start":{"line":79,"column":10},"end":{"line":79,"column":54}},"25":{"start":{"line":80,"column":10},"end":{"line":80,"column":26}},"26":{"start":{"line":82,"column":10},"end":{"line":82,"column":27}},"27":{"start":{"line":85,"column":22},"end":{"line":85,"column":90}},"28":{"start":{"line":86,"column":8},"end":{"line":90,"column":9}},"29":{"start":{"line":87,"column":10},"end":{"line":87,"column":41}},"30":{"start":{"line":89,"column":10},"end":{"line":89,"column":42}},"31":{"start":{"line":91,"column":8},"end":{"line":93,"column":9}},"32":{"start":{"line":92,"column":10},"end":{"line":92,"column":72}},"33":{"start":{"line":95,"column":8},"end":{"line":106,"column":10}},"34":{"start":{"line":108,"column":8},"end":{"line":110,"column":10}},"35":{"start":{"line":116,"column":2},"end":{"line":116,"column":48}},"36":{"start":{"line":13,"column":13},"end":{"line":13,"column":26}}},"fnMap":{"0":{"name":"(anonymous_8)","decl":{"start":{"line":13,"column":26},"end":{"line":13,"column":null}},"loc":{"start":{"line":42,"column":4},"end":{"line":117,"column":2}}},"1":{"name":"(anonymous_9)","decl":{"start":{"line":42,"column":4},"end":{"line":42,"column":null}},"loc":{"start":{"line":42,"column":4},"end":{"line":117,"column":1}}},"2":{"name":"(anonymous_10)","decl":{"start":{"line":48,"column":27},"end":{"line":48,"column":34}},"loc":{"start":{"line":48,"column":45},"end":{"line":112,"column":6}}},"3":{"name":"(anonymous_11)","decl":{"start":{"line":48,"column":45},"end":{"line":48,"column":null}},"loc":{"start":{"line":48,"column":45},"end":{"line":112,"column":5}}}},"branchMap":{"0":{"loc":{"start":{"line":44,"column":29},"end":{"line":44,"column":76}},"type":"cond-expr","locations":[{"start":{"line":44,"column":55},"end":{"line":44,"column":63}},{"start":{"line":44,"column":66},"end":{"line":44,"column":76}}]},"1":{"loc":{"start":{"line":52,"column":6},"end":{"line":56,"column":7}},"type":"if","locations":[{"start":{"line":52,"column":6},"end":{"line":56,"column":7}},{"start":{},"end":{}}]},"2":{"loc":{"start":{"line":60,"column":8},"end":{"line":62,"column":25}},"type":"binary-expr","locations":[{"start":{"line":60,"column":8},"end":{"line":60,"column":17}},{"start":{"line":61,"column":8},"end":{"line":61,"column":25}},{"start":{"line":62,"column":8},"end":{"line":62,"column":25}}]},"3":{"loc":{"start":{"line":73,"column":28},"end":{"line":73,"column":58}},"type":"binary-expr","locations":[{"start":{"line":73,"column":28},"end":{"line":73,"column":35}},{"start":{"line":73,"column":39},"end":{"line":73,"column":58}}]},"4":{"loc":{"start":{"line":85,"column":53},"end":{"line":85,"column":88}},"type":"cond-expr","locations":[{"start":{"line":85,"column":63},"end":{"line":85,"column":72}},{"start":{"line":85,"column":75},"end":{"line":85,"column":88}}]},"5":{"loc":{"start":{"line":86,"column":8},"end":{"line":90,"column":9}},"type":"if","locations":[{"start":{"line":86,"column":8},"end":{"line":90,"column":9}},{"start":{"line":88,"column":15},"end":{"line":90,"column":9}}]},"6":{"loc":{"start":{"line":91,"column":8},"end":{"line":93,"column":9}},"type":"if","locations":[{"start":{"line":91,"column":8},"end":{"line":93,"column":9}},{"start":{},"end":{}}]},"7":{"loc":{"start":{"line":109,"column":63},"end":{"line":109,"column":117}},"type":"cond-expr","locations":[{"start":{"line":109,"column":88},"end":{"line":109,"column":101}},{"start":{"line":109,"column":104},"end":{"line":109,"column":117}}]},"8":{"loc":{"start":{"line":116,"column":9},"end":{"line":116,"column":47}},"type":"cond-expr","locations":[{"start":{"line":116,"column":27},"end":{"line":116,"column":37}},{"start":{"line":116,"column":40},"end":{"line":116,"column":47}}]}},"s":{"0":6,"1":6,"2":6,"3":6,"4":6,"5":5,"6":5,"7":5,"8":5,"9":6,"10":6,"11":6,"12":6,"13":1,"14":5,"15":5,"16":5,"17":5,"18":5,"19":5,"20":5,"21":5,"22":5,"23":5,"24":5,"25":5,"26":0,"27":5,"28":5,"29":5,"30":0,"31":5,"32":0,"33":5,"34":0,"35":4,"36":6},"f":{"0":5,"1":5,"2":6,"3":6},"b":{"0":[1,4],"1":[1,5],"2":[5,5,5],"3":[5,0],"4":[5,0],"5":[5,0],"6":[0,5],"7":[0,0],"8":[3,1]}}
,"/Users/waleedjudah/gt/itchio/mayor/rig/src/fileUtils/deleteDirectoryOrFile.ts": {"path":"/Users/waleedjudah/gt/itchio/mayor/rig/src/fileUtils/deleteDirectoryOrFile.ts","statementMap":{"0":{"start":{"line":10,"column":0},"end":{"line":10,"column":22}},"1":{"start":{"line":1,"column":0},"end":{"line":1,"column":29}},"2":{"start":{"line":10,"column":44},"end":{"line":33,"column":null}},"3":{"start":{"line":15,"column":2},"end":{"line":32,"column":3}},"4":{"start":{"line":16,"column":17},"end":{"line":16,"column":46}},"5":{"start":{"line":18,"column":4},"end":{"line":26,"column":5}},"6":{"start":{"line":20,"column":6},"end":{"line":20,"column":67}},"7":{"start":{"line":21,"column":6},"end":{"line":21,"column":75}},"8":{"start":{"line":24,"column":6},"end":{"line":24,"column":37}},"9":{"start":{"line":25,"column":6},"end":{"line":25,"column":70}},"10":{"start":{"line":28,"column":4},"end":{"line":31,"column":6}}},"fnMap":{"0":{"name":"deleteDirectoryOrFile","decl":{"start":{"line":10,"column":22},"end":{"line":10,"column":43}},"loc":{"start":{"line":10,"column":43},"end":{"line":33,"column":null}}},"1":{"name":"(anonymous_9)","decl":{"start":{"line":10,"column":44},"end":{"line":10,"column":null}},"loc":{"start":{"line":14,"column":1},"end":{"line":33,"column":1}}}},"branchMap":{"0":{"loc":{"start":{"line":18,"column":4},"end":{"line":26,"column":5}},"type":"if","locations":[{"start":{"line":18,"column":4},"end":{"line":26,"column":5}},{"start":{"line":22,"column":11},"end":{"line":26,"column":5}}]},"1":{"loc":{"start":{"line":30,"column":41},"end":{"line":30,"column":95}},"type":"cond-expr","locations":[{"start":{"line":30,"column":66},"end":{"line":30,"column":79}},{"start":{"line":30,"column":82},"end":{"line":30,"column":95}}]}},"s":{"0":1,"1":1,"2":3,"3":3,"4":3,"5":2,"6":1,"7":1,"8":1,"9":1,"10":1},"f":{"0":3,"1":3},"b":{"0":[1,1],"1":[0,1]}}
,"/Users/waleedjudah/gt/itchio/mayor/rig/src/fileUtils/renameFile.ts": {"path":"/Users/waleedjudah/gt/itchio/mayor/rig/src/fileUtils/renameFile.ts","statementMap":{"0":{"start":{"line":1,"column":0},"end":{"line":1,"column":29}},"1":{"start":{"line":2,"column":0},"end":{"line":2,"column":24}},"2":{"start":{"line":9,"column":26},"end":{"line":51,"column":2}},"3":{"start":{"line":17,"column":74},"end":{"line":51,"column":2}},"4":{"start":{"line":18,"column":2},"end":{"line":23,"column":3}},"5":{"start":{"line":19,"column":4},"end":{"line":22,"column":6}},"6":{"start":{"line":25,"column":2},"end":{"line":50,"column":3}},"7":{"start":{"line":26,"column":22},"end":{"line":26,"column":44}},"8":{"start":{"line":27,"column":29},"end":{"line":27,"column":76}},"9":{"start":{"line":28,"column":30},"end":{"line":28,"column":52}},"10":{"start":{"line":30,"column":26},"end":{"line":30,"column":61}},"11":{"start":{"line":31,"column":27},"end":{"line":33,"column":25}},"12":{"start":{"line":34,"column":26},"end":{"line":34,"column":61}},"13":{"start":{"line":35,"column":24},"end":{"line":35,"column":59}},"14":{"start":{"line":39,"column":4},"end":{"line":39,"column":43}},"15":{"start":{"line":41,"column":4},"end":{"line":45,"column":6}},"16":{"start":{"line":48,"column":6},"end":{"line":48,"column":69}},"17":{"start":{"line":49,"column":4},"end":{"line":49,"column":75}},"18":{"start":{"line":9,"column":13},"end":{"line":9,"column":26}}},"fnMap":{"0":{"name":"(anonymous_8)","decl":{"start":{"line":9,"column":26},"end":{"line":9,"column":33}},"loc":{"start":{"line":17,"column":74},"end":{"line":51,"column":2}}},"1":{"name":"(anonymous_9)","decl":{"start":{"line":17,"column":74},"end":{"line":17,"column":null}},"loc":{"start":{"line":17,"column":1},"end":{"line":51,"column":1}}}},"branchMap":{"0":{"loc":{"start":{"line":18,"column":2},"end":{"line":23,"column":3}},"type":"if","locations":[{"start":{"line":18,"column":2},"end":{"line":23,"column":3}},{"start":{},"end":{}}]},"1":{"loc":{"start":{"line":18,"column":6},"end":{"line":18,"column":41}},"type":"binary-expr","locations":[{"start":{"line":18,"column":6},"end":{"line":18,"column":22}},{"start":{"line":18,"column":26},"end":{"line":18,"column":41}}]},"2":{"loc":{"start":{"line":30,"column":26},"end":{"line":30,"column":61}},"type":"binary-expr","locations":[{"start":{"line":30,"column":26},"end":{"line":30,"column":41}},{"start":{"line":30,"column":45},"end":{"line":30,"column":61}}]},"3":{"loc":{"start":{"line":31,"column":27},"end":{"line":33,"column":25}},"type":"cond-expr","locations":[{"start":{"line":32,"column":8},"end":{"line":32,"column":28}},{"start":{"line":33,"column":8},"end":{"line":33,"column":25}}]},"4":{"loc":{"start":{"line":48,"column":6},"end":{"line":48,"column":69}},"type":"cond-expr","locations":[{"start":{"line":48,"column":31},"end":{"line":48,"column":44}},{"start":{"line":48,"column":47},"end":{"line":48,"column":69}}]}},"s":{"0":5,"1":5,"2":5,"3":5,"4":5,"5":1,"6":4,"7":4,"8":4,"9":4,"10":4,"11":4,"12":4,"13":4,"14":4,"15":3,"16":1,"17":1,"18":5},"f":{"0":5,"1":5},"b":{"0":[1,4],"1":[5,2],"2":[4,1],"3":[2,2],"4":[0,1]}}
,"/Users/waleedjudah/gt/itchio/mayor/rig/src/fileUtils/verifyFile.ts": {"path":"/Users/waleedjudah/gt/itchio/mayor/rig/src/fileUtils/verifyFile.ts","statementMap":{"0":{"start":{"line":1,"column":0},"end":{"line":1,"column":29}},"1":{"start":{"line":2,"column":0},"end":{"line":2,"column":24}},"2":{"start":{"line":13,"column":26},"end":{"line":67,"column":2}},"3":{"start":{"line":15,"column":27},"end":{"line":67,"column":2}},"4":{"start":{"line":16,"column":37},"end":{"line":16,"column":43}},"5":{"start":{"line":18,"column":15},"end":{"line":18,"column":20}},"6":{"start":{"line":19,"column":20},"end":{"line":19,"column":25}},"7":{"start":{"line":20,"column":15},"end":{"line":20,"column":20}},"8":{"start":{"line":21,"column":20},"end":{"line":21,"column":25}},"9":{"start":{"line":22,"column":23},"end":{"line":22,"column":28}},"10":{"start":{"line":23,"column":13},"end":{"line":23,"column":14}},"11":{"start":{"line":24,"column":18},"end":{"line":24,"column":19}},"12":{"start":{"line":25,"column":18},"end":{"line":25,"column":19}},"13":{"start":{"line":26,"column":19},"end":{"line":26,"column":20}},"14":{"start":{"line":27,"column":15},"end":{"line":27,"column":38}},"15":{"start":{"line":28,"column":20},"end":{"line":28,"column":42}},"16":{"start":{"line":29,"column":19},"end":{"line":29,"column":41}},"17":{"start":{"line":30,"column":23},"end":{"line":30,"column":61}},"18":{"start":{"line":31,"column":20},"end":{"line":31,"column":22}},"19":{"start":{"line":33,"column":2},"end":{"line":49,"column":3}},"20":{"start":{"line":34,"column":18},"end":{"line":34,"column":42}},"21":{"start":{"line":36,"column":4},"end":{"line":36,"column":18}},"22":{"start":{"line":37,"column":4},"end":{"line":37,"column":22}},"23":{"start":{"line":38,"column":4},"end":{"line":38,"column":28}},"24":{"start":{"line":39,"column":4},"end":{"line":39,"column":38}},"25":{"start":{"line":40,"column":4},"end":{"line":40,"column":44}},"26":{"start":{"line":41,"column":4},"end":{"line":41,"column":70}},"27":{"start":{"line":42,"column":4},"end":{"line":42,"column":77}},"28":{"start":{"line":43,"column":4},"end":{"line":43,"column":31}},"29":{"start":{"line":44,"column":4},"end":{"line":44,"column":30}},"30":{"start":{"line":45,"column":4},"end":{"line":45,"column":34}},"31":{"start":{"line":48,"column":4},"end":{"line":48,"column":19}},"32":{"start":{"line":51,"column":2},"end":{"line":66,"column":4}},"33":{"start":{"line":13,"column":13},"end":{"line":13,"column":26}}},"fnMap":{"0":{"name":"(anonymous_8)","decl":{"start":{"line":13,"column":26},"end":{"line":13,"column":null}},"loc":{"start":{"line":15,"column":27},"end":{"line":67,"column":2}}},"1":{"name":"(anonymous_9)","decl":{"start":{"line":15,"column":27},"end":{"line":15,"column":null}},"loc":{"start":{"line":15,"column":27},"end":{"line":67,"column":1}}}},"branchMap":{"0":{"loc":{"start":{"line":42,"column":18},"end":{"line":42,"column":76}},"type":"cond-expr","locations":[{"start":{"line":42,"column":47},"end":{"line":42,"column":68}},{"start":{"line":42,"column":71},"end":{"line":42,"column":76}}]}},"s":{"0":7,"1":7,"2":7,"3":8,"4":8,"5":8,"6":8,"7":8,"8":8,"9":8,"10":8,"11":8,"12":8,"13":8,"14":8,"15":8,"16":8,"17":8,"18":8,"19":8,"20":8,"21":2,"22":2,"23":2,"24":2,"25":2,"26":2,"27":2,"28":2,"29":2,"30":2,"31":6,"32":8,"33":7},"f":{"0":8,"1":8},"b":{"0":[0,2]}}
,"/Users/waleedjudah/gt/itchio/mayor/rig/src/fileUtils/waitForFile.ts": {"path":"/Users/waleedjudah/gt/itchio/mayor/rig/src/fileUtils/waitForFile.ts","statementMap":{"0":{"start":{"line":14,"column":0},"end":{"line":14,"column":22}},"1":{"start":{"line":1,"column":0},"end":{"line":1,"column":20}},"2":{"start":{"line":2,"column":0},"end":{"line":2,"column":24}},"3":{"start":{"line":3,"column":0},"end":{"line":3,"column":24}},"4":{"start":{"line":5,"column":16},"end":{"line":5,"column":42}},"5":{"start":{"line":6,"column":15},"end":{"line":6,"column":40}},"6":{"start":{"line":14,"column":34},"end":{"line":123,"column":null}},"7":{"start":{"line":22,"column":23},"end":{"line":25,"column":null}},"8":{"start":{"line":24,"column":24},"end":{"line":24,"column":52}},"9":{"start":{"line":25,"column":21},"end":{"line":25,"column":55}},"10":{"start":{"line":28,"column":29},"end":{"line":39,"column":4}},"11":{"start":{"line":28,"column":56},"end":{"line":39,"column":4}},"12":{"start":{"line":29,"column":4},"end":{"line":38,"column":5}},"13":{"start":{"line":30,"column":6},"end":{"line":30,"column":48}},"14":{"start":{"line":31,"column":6},"end":{"line":31,"column":18}},"15":{"start":{"line":33,"column":26},"end":{"line":33,"column":103}},"16":{"start":{"line":33,"column":70},"end":{"line":33,"column":103}},"17":{"start":{"line":34,"column":6},"end":{"line":36,"column":7}},"18":{"start":{"line":35,"column":8},"end":{"line":35,"column":21}},"19":{"start":{"line":37,"column":6},"end":{"line":37,"column":18}},"20":{"start":{"line":41,"column":2},"end":{"line":122,"column":4}},"21":{"start":{"line":43,"column":21},"end":{"line":43,"column":26}},"22":{"start":{"line":44,"column":22},"end":{"line":91,"column":null}},"23":{"start":{"line":46,"column":38},"end":{"line":91,"column":null}},"24":{"start":{"line":47,"column":10},"end":{"line":52,"column":19}},"25":{"start":{"line":52,"column":12},"end":{"line":52,"column":19}},"26":{"start":{"line":54,"column":27},"end":{"line":54,"column":65}},"27":{"start":{"line":56,"column":10},"end":{"line":90,"column":11}},"28":{"start":{"line":57,"column":12},"end":{"line":59,"column":13}},"29":{"start":{"line":58,"column":14},"end":{"line":58,"column":21}},"30":{"start":{"line":62,"column":12},"end":{"line":77,"column":13}},"31":{"start":{"line":63,"column":29},"end":{"line":63,"column":63}},"32":{"start":{"line":64,"column":14},"end":{"line":66,"column":15}},"33":{"start":{"line":68,"column":14},"end":{"line":76,"column":15}},"34":{"start":{"line":69,"column":16},"end":{"line":69,"column":32}},"35":{"start":{"line":70,"column":16},"end":{"line":70,"column":36}},"36":{"start":{"line":71,"column":16},"end":{"line":71,"column":32}},"37":{"start":{"line":72,"column":16},"end":{"line":75,"column":19}},"38":{"start":{"line":78,"column":17},"end":{"line":90,"column":11}},"39":{"start":{"line":80,"column":12},"end":{"line":89,"column":13}},"40":{"start":{"line":81,"column":14},"end":{"line":81,"column":30}},"41":{"start":{"line":82,"column":14},"end":{"line":82,"column":34}},"42":{"start":{"line":83,"column":14},"end":{"line":83,"column":30}},"43":{"start":{"line":84,"column":14},"end":{"line":88,"column":17}},"44":{"start":{"line":94,"column":20},"end":{"line":100,"column":19}},"45":{"start":{"line":95,"column":8},"end":{"line":99,"column":9}},"46":{"start":{"line":96,"column":10},"end":{"line":96,"column":26}},"47":{"start":{"line":97,"column":10},"end":{"line":97,"column":26}},"48":{"start":{"line":98,"column":10},"end":{"line":98,"column":80}},"49":{"start":{"line":102,"column":6},"end":{"line":109,"column":9}},"50":{"start":{"line":103,"column":8},"end":{"line":108,"column":9}},"51":{"start":{"line":104,"column":10},"end":{"line":104,"column":26}},"52":{"start":{"line":105,"column":10},"end":{"line":105,"column":30}},"53":{"start":{"line":106,"column":10},"end":{"line":106,"column":26}},"54":{"start":{"line":107,"column":10},"end":{"line":107,"column":80}},"55":{"start":{"line":111,"column":6},"end":{"line":120,"column":9}},"56":{"start":{"line":112,"column":8},"end":{"line":119,"column":9}},"57":{"start":{"line":113,"column":10},"end":{"line":113,"column":26}},"58":{"start":{"line":114,"column":10},"end":{"line":114,"column":30}},"59":{"start":{"line":115,"column":10},"end":{"line":118,"column":13}}},"fnMap":{"0":{"name":"waitForFile","decl":{"start":{"line":14,"column":22},"end":{"line":14,"column":33}},"loc":{"start":{"line":14,"column":33},"end":{"line":123,"column":null}}},"1":{"name":"(anonymous_9)","decl":{"start":{"line":14,"column":34},"end":{"line":14,"column":null}},"loc":{"start":{"line":20,"column":1},"end":{"line":123,"column":1}}},"2":{"name":"(anonymous_10)","decl":{"start":{"line":24,"column":14},"end":{"line":24,"column":15}},"loc":{"start":{"line":24,"column":24},"end":{"line":24,"column":52}}},"3":{"name":"(anonymous_11)","decl":{"start":{"line":25,"column":11},"end":{"line":25,"column":12}},"loc":{"start":{"line":25,"column":21},"end":{"line":25,"column":55}}},"4":{"name":"(anonymous_12)","decl":{"start":{"line":28,"column":29},"end":{"line":28,"column":36}},"loc":{"start":{"line":28,"column":56},"end":{"line":39,"column":4}}},"5":{"name":"(anonymous_13)","decl":{"start":{"line":28,"column":56},"end":{"line":28,"column":null}},"loc":{"start":{"line":28,"column":56},"end":{"line":39,"column":3}}},"6":{"name":"(anonymous_14)","decl":{"start":{"line":33,"column":26},"end":{"line":33,"column":27}},"loc":{"start":{"line":33,"column":70},"end":{"line":33,"column":103}}},"7":{"name":"(anonymous_15)","decl":{"start":{"line":42,"column":4},"end":{"line":42,"column":5}},"loc":{"start":{"line":42,"column":24},"end":{"line":121,"column":5}}},"8":{"name":"(anonymous_16)","decl":{"start":{"line":46,"column":8},"end":{"line":46,"column":15}},"loc":{"start":{"line":46,"column":38},"end":{"line":91,"column":null}}},"9":{"name":"(anonymous_17)","decl":{"start":{"line":46,"column":38},"end":{"line":46,"column":null}},"loc":{"start":{"line":46,"column":38},"end":{"line":91,"column":9}}},"10":{"name":"(anonymous_18)","decl":{"start":{"line":94,"column":31},"end":{"line":94,"column":34}},"loc":{"start":{"line":94,"column":36},"end":{"line":100,"column":7}}},"11":{"name":"(anonymous_19)","decl":{"start":{"line":102,"column":26},"end":{"line":102,"column":27}},"loc":{"start":{"line":102,"column":36},"end":{"line":109,"column":7}}},"12":{"name":"(anonymous_20)","decl":{"start":{"line":111,"column":26},"end":{"line":111,"column":29}},"loc":{"start":{"line":111,"column":31},"end":{"line":120,"column":7}}}},"branchMap":{"0":{"loc":{"start":{"line":16,"column":2},"end":{"line":16,"column":19}},"type":"default-arg","locations":[{"start":{"line":16,"column":14},"end":{"line":16,"column":19}}]},"1":{"loc":{"start":{"line":33,"column":70},"end":{"line":33,"column":103}},"type":"binary-expr","locations":[{"start":{"line":33,"column":70},"end":{"line":33,"column":88}},{"start":{"line":33,"column":92},"end":{"line":33,"column":103}}]},"2":{"loc":{"start":{"line":34,"column":6},"end":{"line":36,"column":7}},"type":"if","locations":[{"start":{"line":34,"column":6},"end":{"line":36,"column":7}},{"start":{},"end":{}}]},"3":{"loc":{"start":{"line":34,"column":10},"end":{"line":34,"column":55}},"type":"binary-expr","locations":[{"start":{"line":34,"column":10},"end":{"line":34,"column":28}},{"start":{"line":34,"column":32},"end":{"line":34,"column":55}}]},"4":{"loc":{"start":{"line":47,"column":10},"end":{"line":52,"column":19}},"type":"if","locations":[{"start":{"line":47,"column":10},"end":{"line":52,"column":19}},{"start":{},"end":{}}]},"5":{"loc":{"start":{"line":48,"column":12},"end":{"line":50,"column":37}},"type":"binary-expr","locations":[{"start":{"line":48,"column":12},"end":{"line":48,"column":21}},{"start":{"line":49,"column":12},"end":{"line":49,"column":38}},{"start":{"line":50,"column":12},"end":{"line":50,"column":37}}]},"6":{"loc":{"start":{"line":56,"column":10},"end":{"line":90,"column":11}},"type":"if","locations":[{"start":{"line":56,"column":10},"end":{"line":90,"column":11}},{"start":{"line":78,"column":17},"end":{"line":90,"column":11}}]},"7":{"loc":{"start":{"line":57,"column":12},"end":{"line":59,"column":13}},"type":"if","locations":[{"start":{"line":57,"column":12},"end":{"line":59,"column":13}},{"start":{},"end":{}}]},"8":{"loc":{"start":{"line":64,"column":14},"end":{"line":66,"column":15}},"type":"if","locations":[{"start":{"line":64,"column":14},"end":{"line":66,"column":15}},{"start":{},"end":{}}]},"9":{"loc":{"start":{"line":68,"column":14},"end":{"line":76,"column":15}},"type":"if","locations":[{"start":{"line":68,"column":14},"end":{"line":76,"column":15}},{"start":{},"end":{}}]},"10":{"loc":{"start":{"line":74,"column":53},"end":{"line":74,"column":107}},"type":"cond-expr","locations":[{"start":{"line":74,"column":78},"end":{"line":74,"column":91}},{"start":{"line":74,"column":94},"end":{"line":74,"column":107}}]},"11":{"loc":{"start":{"line":78,"column":17},"end":{"line":90,"column":11}},"type":"if","locations":[{"start":{"line":78,"column":17},"end":{"line":90,"column":11}},{"start":{},"end":{}}]},"12":{"loc":{"start":{"line":78,"column":21},"end":{"line":78,"column":74}},"type":"binary-expr","locations":[{"start":{"line":78,"column":21},"end":{"line":78,"column":48}},{"start":{"line":78,"column":52},"end":{"line":78,"column":74}}]},"13":{"loc":{"start":{"line":80,"column":12},"end":{"line":89,"column":13}},"type":"if","locations":[{"start":{"line":80,"column":12},"end":{"line":89,"column":13}},{"start":{},"end":{}}]},"14":{"loc":{"start":{"line":95,"column":8},"end":{"line":99,"column":9}},"type":"if","locations":[{"start":{"line":95,"column":8},"end":{"line":99,"column":9}},{"start":{},"end":{}}]},"15":{"loc":{"start":{"line":103,"column":8},"end":{"line":108,"column":9}},"type":"if","locations":[{"start":{"line":103,"column":8},"end":{"line":108,"column":9}},{"start":{},"end":{}}]},"16":{"loc":{"start":{"line":112,"column":8},"end":{"line":119,"column":9}},"type":"if","locations":[{"start":{"line":112,"column":8},"end":{"line":119,"column":9}},{"start":{},"end":{}}]}},"s":{"0":4,"1":4,"2":4,"3":4,"4":4,"5":4,"6":2,"7":2,"8":1,"9":1,"10":2,"11":0,"12":0,"13":0,"14":0,"15":0,"16":0,"17":0,"18":0,"19":0,"20":2,"21":2,"22":2,"23":1,"24":1,"25":0,"26":1,"27":1,"28":0,"29":0,"30":0,"31":0,"32":0,"33":0,"34":0,"35":0,"36":0,"37":0,"38":1,"39":1,"40":1,"41":1,"42":1,"43":1,"44":2,"45":1,"46":1,"47":1,"48":1,"49":2,"50":0,"51":0,"52":0,"53":0,"54":0,"55":2,"56":2,"57":0,"58":0,"59":0},"f":{"0":2,"1":2,"2":1,"3":1,"4":0,"5":0,"6":0,"7":2,"8":1,"9":1,"10":1,"11":0,"12":2},"b":{"0":[0],"1":[0,0],"2":[0,0],"3":[0,0],"4":[0,1],"5":[1,1,1],"6":[0,1],"7":[0,0],"8":[0,0],"9":[0,0],"10":[0,0],"11":[1,0],"12":[1,1],"13":[1,0],"14":[1,0],"15":[0,0],"16":[0,2]}}
,"/Users/waleedjudah/gt/itchio/mayor/rig/src/itchDownloader/downloadCollection.ts": {"path":"/Users/waleedjudah/gt/itchio/mayor/rig/src/itchDownloader/downloadCollection.ts","statementMap":{"0":{"start":{"line":56,"column":0},"end":{"line":56,"column":22}},"1":{"start":{"line":1,"column":0},"end":{"line":1,"column":46}},"2":{"start":{"line":9,"column":16},"end":{"line":9,"column":39}},"3":{"start":{"line":10,"column":2},"end":{"line":10,"column":56}},"4":{"start":{"line":10,"column":14},"end":{"line":10,"column":56}},"5":{"start":{"line":11,"column":2},"end":{"line":11,"column":18}},"6":{"start":{"line":18,"column":25},"end":{"line":18,"column":27}},"7":{"start":{"line":19,"column":13},"end":{"line":19,"column":14}},"8":{"start":{"line":20,"column":2},"end":{"line":46,"column":3}},"9":{"start":{"line":21,"column":19},"end":{"line":22,"column":null}},"10":{"start":{"line":24,"column":4},"end":{"line":24,"column":50}},"11":{"start":{"line":25,"column":4},"end":{"line":25,"column":59}},"12":{"start":{"line":25,"column":16},"end":{"line":25,"column":59}},"13":{"start":{"line":26,"column":16},"end":{"line":26,"column":46}},"14":{"start":{"line":27,"column":4},"end":{"line":33,"column":5}},"15":{"start":{"line":28,"column":18},"end":{"line":29,"column":null}},"16":{"start":{"line":31,"column":6},"end":{"line":31,"column":34}},"17":{"start":{"line":32,"column":6},"end":{"line":32,"column":16}},"18":{"start":{"line":34,"column":17},"end":{"line":34,"column":33}},"19":{"start":{"line":35,"column":4},"end":{"line":39,"column":5}},"20":{"start":{"line":36,"column":6},"end":{"line":38,"column":7}},"21":{"start":{"line":37,"column":8},"end":{"line":37,"column":41}},"22":{"start":{"line":37,"column":24},"end":{"line":37,"column":41}},"23":{"start":{"line":40,"column":20},"end":{"line":40,"column":56}},"24":{"start":{"line":41,"column":4},"end":{"line":43,"column":5}},"25":{"start":{"line":42,"column":6},"end":{"line":42,"column":12}},"26":{"start":{"line":44,"column":17},"end":{"line":44,"column":32}},"27":{"start":{"line":45,"column":4},"end":{"line":45,"column":51}},"28":{"start":{"line":47,"column":2},"end":{"line":47,"column":14}},"29":{"start":{"line":57,"column":2},"end":{"line":72,"column":null}},"30":{"start":{"line":61,"column":14},"end":{"line":61,"column":48}},"31":{"start":{"line":62,"column":13},"end":{"line":62,"column":45}},"32":{"start":{"line":63,"column":19},"end":{"line":63,"column":47}},"33":{"start":{"line":64,"column":39},"end":{"line":70,"column":4}},"34":{"start":{"line":65,"column":34},"end":{"line":65,"column":52}},"35":{"start":{"line":66,"column":4},"end":{"line":66,"column":77}},"36":{"start":{"line":66,"column":32},"end":{"line":66,"column":77}},"37":{"start":{"line":67,"column":4},"end":{"line":67,"column":56}},"38":{"start":{"line":67,"column":25},"end":{"line":67,"column":56}},"39":{"start":{"line":68,"column":4},"end":{"line":68,"column":28}},"40":{"start":{"line":68,"column":13},"end":{"line":68,"column":28}},"41":{"start":{"line":69,"column":4},"end":{"line":69,"column":13}},"42":{"start":{"line":71,"column":2},"end":{"line":71,"column":53}}},"fnMap":{"0":{"name":"parseCollectionId","decl":{"start":{"line":8,"column":9},"end":{"line":8,"column":26}},"loc":{"start":{"line":8,"column":38},"end":{"line":12,"column":1}}},"1":{"name":"fetchGameUrls","decl":{"start":{"line":14,"column":15},"end":{"line":14,"column":28}},"loc":{"start":{"line":16,"column":17},"end":{"line":48,"column":null}}},"2":{"name":"downloadCollection","decl":{"start":{"line":56,"column":22},"end":{"line":56,"column":40}},"loc":{"start":{"line":56,"column":40},"end":{"line":72,"column":null}}},"3":{"name":"(anonymous_11)","decl":{"start":{"line":57,"column":2},"end":{"line":57,"column":23}},"loc":{"start":{"line":59,"column":38},"end":{"line":72,"column":1}}},"4":{"name":"(anonymous_12)","decl":{"start":{"line":64,"column":52},"end":{"line":64,"column":53}},"loc":{"start":{"line":64,"column":58},"end":{"line":70,"column":3}}}},"branchMap":{"0":{"loc":{"start":{"line":10,"column":2},"end":{"line":10,"column":56}},"type":"if","locations":[{"start":{"line":10,"column":2},"end":{"line":10,"column":56}},{"start":{},"end":{}}]},"1":{"loc":{"start":{"line":25,"column":4},"end":{"line":25,"column":59}},"type":"if","locations":[{"start":{"line":25,"column":4},"end":{"line":25,"column":59}},{"start":{},"end":{}}]},"2":{"loc":{"start":{"line":27,"column":4},"end":{"line":33,"column":5}},"type":"if","locations":[{"start":{"line":27,"column":4},"end":{"line":33,"column":5}},{"start":{},"end":{}}]},"3":{"loc":{"start":{"line":35,"column":4},"end":{"line":39,"column":5}},"type":"if","locations":[{"start":{"line":35,"column":4},"end":{"line":39,"column":5}},{"start":{},"end":{}}]},"4":{"loc":{"start":{"line":37,"column":8},"end":{"line":37,"column":41}},"type":"if","locations":[{"start":{"line":37,"column":8},"end":{"line":37,"column":41}},{"start":{},"end":{}}]},"5":{"loc":{"start":{"line":37,"column":12},"end":{"line":37,"column":22}},"type":"binary-expr","locations":[{"start":{"line":37,"column":12},"end":{"line":37,"column":13}},{"start":{"line":37,"column":17},"end":{"line":37,"column":22}}]},"6":{"loc":{"start":{"line":40,"column":20},"end":{"line":40,"column":56}},"type":"cond-expr","locations":[{"start":{"line":40,"column":34},"end":{"line":40,"column":38}},{"start":{"line":40,"column":38},"end":{"line":40,"column":56}}]},"7":{"loc":{"start":{"line":40,"column":20},"end":{"line":40,"column":38}},"type":"binary-expr","locations":[{"start":{"line":40,"column":20},"end":{"line":40,"column":38}},{"start":{"line":40,"column":34},"end":{"line":40,"column":38}}]},"8":{"loc":{"start":{"line":41,"column":4},"end":{"line":43,"column":5}},"type":"if","locations":[{"start":{"line":41,"column":4},"end":{"line":43,"column":5}},{"start":{},"end":{}}]},"9":{"loc":{"start":{"line":41,"column":8},"end":{"line":41,"column":49}},"type":"binary-expr","locations":[{"start":{"line":41,"column":8},"end":{"line":41,"column":29}},{"start":{"line":41,"column":33},"end":{"line":41,"column":49}}]},"10":{"loc":{"start":{"line":45,"column":11},"end":{"line":45,"column":50}},"type":"cond-expr","locations":[{"start":{"line":45,"column":35},"end":{"line":45,"column":39}},{"start":{"line":45,"column":42},"end":{"line":45,"column":50}}]},"11":{"loc":{"start":{"line":59,"column":2},"end":{"line":59,"column":38}},"type":"default-arg","locations":[{"start":{"line":59,"column":36},"end":{"line":59,"column":38}}]},"12":{"loc":{"start":{"line":61,"column":14},"end":{"line":61,"column":48}},"type":"binary-expr","locations":[{"start":{"line":61,"column":14},"end":{"line":61,"column":20}},{"start":{"line":61,"column":24},"end":{"line":61,"column":48}}]},"13":{"loc":{"start":{"line":66,"column":4},"end":{"line":66,"column":77}},"type":"if","locations":[{"start":{"line":66,"column":4},"end":{"line":66,"column":77}},{"start":{},"end":{}}]},"14":{"loc":{"start":{"line":67,"column":4},"end":{"line":67,"column":56}},"type":"if","locations":[{"start":{"line":67,"column":4},"end":{"line":67,"column":56}},{"start":{},"end":{}}]},"15":{"loc":{"start":{"line":68,"column":4},"end":{"line":68,"column":28}},"type":"if","locations":[{"start":{"line":68,"column":4},"end":{"line":68,"column":28}},{"start":{},"end":{}}]},"16":{"loc":{"start":{"line":71,"column":30},"end":{"line":71,"column":51}},"type":"cond-expr","locations":[{"start":{"line":71,"column":46},"end":{"line":71,"column":50}},{"start":{"line":71,"column":50},"end":{"line":71,"column":51}}]},"17":{"loc":{"start":{"line":71,"column":30},"end":{"line":71,"column":50}},"type":"binary-expr","locations":[{"start":{"line":71,"column":30},"end":{"line":71,"column":50}},{"start":{"line":71,"column":46},"end":{"line":71,"column":50}}]}},"s":{"0":2,"1":2,"2":2,"3":2,"4":0,"5":2,"6":2,"7":2,"8":2,"9":3,"10":3,"11":3,"12":2,"13":3,"14":3,"15":0,"16":0,"17":0,"18":3,"19":3,"20":3,"21":4,"22":4,"23":3,"24":3,"25":2,"26":1,"27":1,"28":2,"29":2,"30":2,"31":2,"32":2,"33":2,"34":4,"35":4,"36":3,"37":4,"38":0,"39":4,"40":3,"41":4,"42":2},"f":{"0":2,"1":2,"2":2,"3":2,"4":4},"b":{"0":[0,2],"1":[2,1],"2":[0,3],"3":[3,0],"4":[4,0],"5":[4,4],"6":[1,2],"7":[3,1],"8":[2,1],"9":[3,1],"10":[1,0],"11":[1],"12":[2,1],"13":[3,1],"14":[0,4],"15":[3,1],"16":[1,1],"17":[2,2]}}
,"/Users/waleedjudah/gt/itchio/mayor/rig/src/itchDownloader/downloadGame.ts": {"path":"/Users/waleedjudah/gt/itchio/mayor/rig/src/itchDownloader/downloadGame.ts","statementMap":{"0":{"start":{"line":32,"column":0},"end":{"line":32,"column":22}},"1":{"start":{"line":75,"column":0},"end":{"line":75,"column":22}},"2":{"start":{"line":2,"column":0},"end":{"line":2,"column":23}},"3":{"start":{"line":3,"column":0},"end":{"line":3,"column":53}},"4":{"start":{"line":4,"column":0},"end":{"line":4,"column":63}},"5":{"start":{"line":5,"column":0},"end":{"line":5,"column":53}},"6":{"start":{"line":6,"column":0},"end":{"line":6,"column":55}},"7":{"start":{"line":7,"column":0},"end":{"line":7,"column":62}},"8":{"start":{"line":8,"column":0},"end":{"line":8,"column":55}},"9":{"start":{"line":9,"column":0},"end":{"line":9,"column":58}},"10":{"start":{"line":10,"column":0},"end":{"line":10,"column":56}},"11":{"start":{"line":12,"column":0},"end":{"line":12,"column":24}},"12":{"start":{"line":13,"column":0},"end":{"line":13,"column":20}},"13":{"start":{"line":14,"column":0},"end":{"line":14,"column":20}},"14":{"start":{"line":17,"column":2},"end":{"line":19,"column":3}},"15":{"start":{"line":18,"column":4},"end":{"line":18,"column":25}},"16":{"start":{"line":23,"column":23},"end":{"line":23,"column":41}},"17":{"start":{"line":33,"column":2},"end":{"line":73,"column":null}},"18":{"start":{"line":37,"column":4},"end":{"line":39,"column":28}},"19":{"start":{"line":40,"column":22},"end":{"line":40,"column":56}},"20":{"start":{"line":41,"column":18},"end":{"line":41,"column":42}},"21":{"start":{"line":43,"column":2},"end":{"line":72,"column":3}},"22":{"start":{"line":44,"column":17},"end":{"line":44,"column":47}},"23":{"start":{"line":45,"column":24},"end":{"line":45,"column":52}},"24":{"start":{"line":45,"column":41},"end":{"line":45,"column":51}},"25":{"start":{"line":46,"column":4},"end":{"line":48,"column":5}},"26":{"start":{"line":47,"column":6},"end":{"line":47,"column":65}},"27":{"start":{"line":47,"column":41},"end":{"line":47,"column":62}},"28":{"start":{"line":50,"column":44},"end":{"line":50,"column":66}},"29":{"start":{"line":51,"column":16},"end":{"line":51,"column":17}},"30":{"start":{"line":54,"column":6},"end":{"line":61,"column":7}},"31":{"start":{"line":55,"column":24},"end":{"line":55,"column":31}},"32":{"start":{"line":56,"column":8},"end":{"line":56,"column":42}},"33":{"start":{"line":56,"column":36},"end":{"line":56,"column":42}},"34":{"start":{"line":57,"column":8},"end":{"line":57,"column":67}},"35":{"start":{"line":58,"column":8},"end":{"line":60,"column":9}},"36":{"start":{"line":59,"column":10},"end":{"line":59,"column":59}},"37":{"start":{"line":59,"column":35},"end":{"line":59,"column":57}},"38":{"start":{"line":64,"column":37},"end":{"line":64,"column":39}},"39":{"start":{"line":65,"column":4},"end":{"line":67,"column":5}},"40":{"start":{"line":65,"column":17},"end":{"line":65,"column":18}},"41":{"start":{"line":66,"column":6},"end":{"line":66,"column":29}},"42":{"start":{"line":68,"column":4},"end":{"line":68,"column":31}},"43":{"start":{"line":69,"column":4},"end":{"line":69,"column":19}},"44":{"start":{"line":71,"column":4},"end":{"line":71,"column":38}},"45":{"start":{"line":91,"column":6},"end":{"line":91,"column":12}},"46":{"start":{"line":94,"column":2},"end":{"line":99,"column":3}},"47":{"start":{"line":95,"column":4},"end":{"line":98,"column":6}},"48":{"start":{"line":101,"column":40},"end":{"line":101,"column":48}},"49":{"start":{"line":102,"column":2},"end":{"line":104,"column":3}},"50":{"start":{"line":103,"column":4},"end":{"line":103,"column":89}},"51":{"start":{"line":107,"column":14},"end":{"line":107,"column":48}},"52":{"start":{"line":108,"column":2},"end":{"line":115,"column":3}},"53":{"start":{"line":109,"column":4},"end":{"line":114,"column":7}},"54":{"start":{"line":118,"column":2},"end":{"line":120,"column":3}},"55":{"start":{"line":119,"column":4},"end":{"line":119,"column":37}},"56":{"start":{"line":123,"column":2},"end":{"line":123,"column":44}},"57":{"start":{"line":124,"column":23},"end":{"line":124,"column":55}},"58":{"start":{"line":125,"column":2},"end":{"line":127,"column":3}},"59":{"start":{"line":126,"column":4},"end":{"line":126,"column":24}},"60":{"start":{"line":128,"column":2},"end":{"line":128,"column":51}},"61":{"start":{"line":131,"column":2},"end":{"line":141,"column":3}},"62":{"start":{"line":135,"column":4},"end":{"line":135,"column":49}},"63":{"start":{"line":136,"column":24},"end":{"line":136,"column":55}},"64":{"start":{"line":137,"column":4},"end":{"line":139,"column":5}},"65":{"start":{"line":138,"column":6},"end":{"line":138,"column":25}},"66":{"start":{"line":140,"column":4},"end":{"line":140,"column":55}},"67":{"start":{"line":144,"column":59},"end":{"line":144,"column":63}},"68":{"start":{"line":145,"column":2},"end":{"line":149,"column":3}},"69":{"start":{"line":146,"column":4},"end":{"line":146,"column":48}},"70":{"start":{"line":146,"column":22},"end":{"line":146,"column":47}},"71":{"start":{"line":151,"column":2},"end":{"line":159,"column":3}},"72":{"start":{"line":152,"column":4},"end":{"line":158,"column":6}},"73":{"start":{"line":162,"column":36},"end":{"line":164,"column":45}},"74":{"start":{"line":166,"column":2},"end":{"line":171,"column":3}},"75":{"start":{"line":167,"column":4},"end":{"line":170,"column":6}},"76":{"start":{"line":177,"column":13},"end":{"line":177,"column":17}},"77":{"start":{"line":180,"column":18},"end":{"line":180,"column":20}},"78":{"start":{"line":181,"column":17},"end":{"line":181,"column":22}},"79":{"start":{"line":182,"column":19},"end":{"line":182,"column":23}},"80":{"start":{"line":183,"column":23},"end":{"line":183,"column":25}},"81":{"start":{"line":184,"column":24},"end":{"line":184,"column":26}},"82":{"start":{"line":186,"column":4},"end":{"line":272,"column":5}},"83":{"start":{"line":187,"column":6},"end":{"line":187,"column":62}},"84":{"start":{"line":189,"column":26},"end":{"line":189,"column":69}},"85":{"start":{"line":190,"column":6},"end":{"line":190,"column":78}},"86":{"start":{"line":190,"column":30},"end":{"line":190,"column":78}},"87":{"start":{"line":192,"column":36},"end":{"line":192,"column":71}},"88":{"start":{"line":193,"column":6},"end":{"line":193,"column":79}},"89":{"start":{"line":194,"column":6},"end":{"line":195,"column":81}},"90":{"start":{"line":195,"column":8},"end":{"line":195,"column":81}},"91":{"start":{"line":197,"column":6},"end":{"line":197,"column":46}},"92":{"start":{"line":198,"column":31},"end":{"line":198,"column":50}},"93":{"start":{"line":200,"column":35},"end":{"line":200,"column":69}},"94":{"start":{"line":201,"column":30},"end":{"line":205,"column":8}},"95":{"start":{"line":206,"column":6},"end":{"line":207,"column":71}},"96":{"start":{"line":207,"column":8},"end":{"line":207,"column":71}},"97":{"start":{"line":209,"column":33},"end":{"line":212,"column":8}},"98":{"start":{"line":213,"column":6},"end":{"line":214,"column":53}},"99":{"start":{"line":214,"column":8},"end":{"line":214,"column":53}},"100":{"start":{"line":216,"column":6},"end":{"line":216,"column":60}},"101":{"start":{"line":218,"column":27},"end":{"line":220,"column":67}},"102":{"start":{"line":221,"column":18},"end":{"line":221,"column":45}},"103":{"start":{"line":222,"column":23},"end":{"line":222,"column":35}},"104":{"start":{"line":223,"column":23},"end":{"line":223,"column":69}},"105":{"start":{"line":224,"column":20},"end":{"line":224,"column":21}},"106":{"start":{"line":225,"column":6},"end":{"line":229,"column":7}},"107":{"start":{"line":226,"column":8},"end":{"line":226,"column":50}},"108":{"start":{"line":227,"column":8},"end":{"line":227,"column":68}},"109":{"start":{"line":228,"column":8},"end":{"line":228,"column":18}},"110":{"start":{"line":230,"column":6},"end":{"line":238,"column":7}},"111":{"start":{"line":231,"column":29},"end":{"line":234,"column":10}},"112":{"start":{"line":235,"column":8},"end":{"line":236,"column":73}},"113":{"start":{"line":236,"column":10},"end":{"line":236,"column":73}},"114":{"start":{"line":237,"column":8},"end":{"line":237,"column":59}},"115":{"start":{"line":240,"column":6},"end":{"line":240,"column":56}},"116":{"start":{"line":241,"column":6},"end":{"line":244,"column":8}},"117":{"start":{"line":246,"column":6},"end":{"line":251,"column":7}},"118":{"start":{"line":247,"column":8},"end":{"line":250,"column":11}},"119":{"start":{"line":253,"column":6},"end":{"line":253,"column":38}},"120":{"start":{"line":254,"column":6},"end":{"line":254,"column":59}},"121":{"start":{"line":255,"column":6},"end":{"line":255,"column":82}},"122":{"start":{"line":257,"column":6},"end":{"line":257,"column":90}},"123":{"start":{"line":258,"column":26},"end":{"line":258,"column":92}},"124":{"start":{"line":259,"column":6},"end":{"line":261,"column":7}},"125":{"start":{"line":260,"column":8},"end":{"line":260,"column":79}},"126":{"start":{"line":262,"column":6},"end":{"line":262,"column":52}},"127":{"start":{"line":264,"column":6},"end":{"line":271,"column":7}},"128":{"start":{"line":265,"column":8},"end":{"line":269,"column":9}},"129":{"start":{"line":266,"column":10},"end":{"line":266,"column":44}},"130":{"start":{"line":270,"column":8},"end":{"line":270,"column":51}},"131":{"start":{"line":275,"column":16},"end":{"line":275,"column":17}},"132":{"start":{"line":276,"column":37},"end":{"line":276,"column":61}},"133":{"start":{"line":277,"column":2},"end":{"line":283,"column":3}},"134":{"start":{"line":278,"column":4},"end":{"line":280,"column":6}},"135":{"start":{"line":279,"column":6},"end":{"line":279,"column":56}},"136":{"start":{"line":281,"column":4},"end":{"line":281,"column":14}},"137":{"start":{"line":282,"column":4},"end":{"line":282,"column":38}},"138":{"start":{"line":285,"column":2},"end":{"line":285,"column":16}},"139":{"start":{"line":288,"column":24},"end":{"line":288,"column":29}},"140":{"start":{"line":290,"column":2},"end":{"line":290,"column":32}},"141":{"start":{"line":290,"column":25},"end":{"line":290,"column":32}},"142":{"start":{"line":291,"column":2},"end":{"line":291,"column":27}},"143":{"start":{"line":294,"column":4},"end":{"line":300,"column":5}},"144":{"start":{"line":295,"column":6},"end":{"line":299,"column":7}},"145":{"start":{"line":296,"column":8},"end":{"line":296,"column":24}},"146":{"start":{"line":301,"column":4},"end":{"line":301,"column":27}},"147":{"start":{"line":304,"column":2},"end":{"line":304,"column":30}},"148":{"start":{"line":305,"column":2},"end":{"line":308,"column":5}},"149":{"start":{"line":306,"column":4},"end":{"line":306,"column":14}},"150":{"start":{"line":307,"column":4},"end":{"line":307,"column":19}},"151":{"start":{"line":310,"column":0},"end":{"line":310,"column":18}}},"fnMap":{"0":{"name":"log","decl":{"start":{"line":16,"column":9},"end":{"line":16,"column":12}},"loc":{"start":{"line":16,"column":31},"end":{"line":20,"column":1}}},"1":{"name":"downloadGame","decl":{"start":{"line":32,"column":22},"end":{"line":32,"column":34}},"loc":{"start":{"line":32,"column":34},"end":{"line":73,"column":null}}},"2":{"name":"(anonymous_19)","decl":{"start":{"line":33,"column":2},"end":{"line":33,"column":51}},"loc":{"start":{"line":34,"column":56},"end":{"line":73,"column":1}}},"3":{"name":"(anonymous_20)","decl":{"start":{"line":45,"column":34},"end":{"line":45,"column":35}},"loc":{"start":{"line":45,"column":41},"end":{"line":45,"column":51}}},"4":{"name":"(anonymous_21)","decl":{"start":{"line":47,"column":34},"end":{"line":47,"column":35}},"loc":{"start":{"line":47,"column":41},"end":{"line":47,"column":62}}},"5":{"name":"worker","decl":{"start":{"line":53,"column":19},"end":{"line":53,"column":25}},"loc":{"start":{"line":53,"column":25},"end":{"line":62,"column":null}}},"6":{"name":"(anonymous_24)","decl":{"start":{"line":59,"column":28},"end":{"line":59,"column":29}},"loc":{"start":{"line":59,"column":35},"end":{"line":59,"column":57}}},"7":{"name":"downloadGameSingle","decl":{"start":{"line":75,"column":22},"end":{"line":75,"column":40}},"loc":{"start":{"line":76,"column":28},"end":{"line":286,"column":null}}},"8":{"name":"(anonymous_27)","decl":{"start":{"line":146,"column":22},"end":{"line":146,"column":35}},"loc":{"start":{"line":146,"column":22},"end":{"line":146,"column":47}}},"9":{"name":"attemptPuppeteer","decl":{"start":{"line":179,"column":17},"end":{"line":179,"column":33}},"loc":{"start":{"line":179,"column":33},"end":{"line":273,"column":null}}},"10":{"name":"(anonymous_30)","decl":{"start":{"line":192,"column":36},"end":{"line":192,"column":49}},"loc":{"start":{"line":192,"column":36},"end":{"line":192,"column":71}}},"11":{"name":"(anonymous_31)","decl":{"start":{"line":200,"column":35},"end":{"line":200,"column":48}},"loc":{"start":{"line":200,"column":35},"end":{"line":200,"column":69}}},"12":{"name":"(anonymous_32)","decl":{"start":{"line":278,"column":22},"end":{"line":278,"column":23}},"loc":{"start":{"line":279,"column":6},"end":{"line":279,"column":56}}},"13":{"name":"registerCleanup","decl":{"start":{"line":289,"column":9},"end":{"line":289,"column":24}},"loc":{"start":{"line":289,"column":24},"end":{"line":309,"column":1}}},"14":{"name":"cleanUp","decl":{"start":{"line":293,"column":11},"end":{"line":293,"column":18}},"loc":{"start":{"line":293,"column":18},"end":{"line":302,"column":3}}},"15":{"name":"(anonymous_35)","decl":{"start":{"line":305,"column":23},"end":{"line":305,"column":26}},"loc":{"start":{"line":305,"column":28},"end":{"line":308,"column":3}}}},"branchMap":{"0":{"loc":{"start":{"line":17,"column":2},"end":{"line":19,"column":3}},"type":"if","locations":[{"start":{"line":17,"column":2},"end":{"line":19,"column":3}},{"start":{},"end":{}}]},"1":{"loc":{"start":{"line":34,"column":2},"end":{"line":34,"column":56}},"type":"default-arg","locations":[{"start":{"line":34,"column":55},"end":{"line":34,"column":56}}]},"2":{"loc":{"start":{"line":37,"column":4},"end":{"line":39,"column":28}},"type":"cond-expr","locations":[{"start":{"line":38,"column":8},"end":{"line":38,"column":45}},{"start":{"line":39,"column":8},"end":{"line":39,"column":28}}]},"3":{"loc":{"start":{"line":40,"column":31},"end":{"line":40,"column":52}},"type":"cond-expr","locations":[{"start":{"line":40,"column":47},"end":{"line":40,"column":51}},{"start":{"line":40,"column":51},"end":{"line":40,"column":52}}]},"4":{"loc":{"start":{"line":40,"column":31},"end":{"line":40,"column":51}},"type":"binary-expr","locations":[{"start":{"line":40,"column":31},"end":{"line":40,"column":51}},{"start":{"line":40,"column":47},"end":{"line":40,"column":51}}]},"5":{"loc":{"start":{"line":41,"column":18},"end":{"line":41,"column":42}},"type":"cond-expr","locations":[{"start":{"line":41,"column":37},"end":{"line":41,"column":41}},{"start":{"line":41,"column":41},"end":{"line":41,"column":42}}]},"6":{"loc":{"start":{"line":41,"column":18},"end":{"line":41,"column":41}},"type":"binary-expr","locations":[{"start":{"line":41,"column":18},"end":{"line":41,"column":41}},{"start":{"line":41,"column":37},"end":{"line":41,"column":41}}]},"7":{"loc":{"start":{"line":43,"column":2},"end":{"line":72,"column":3}},"type":"if","locations":[{"start":{"line":43,"column":2},"end":{"line":72,"column":3}},{"start":{"line":70,"column":9},"end":{"line":72,"column":3}}]},"8":{"loc":{"start":{"line":46,"column":4},"end":{"line":48,"column":5}},"type":"if","locations":[{"start":{"line":46,"column":4},"end":{"line":48,"column":5}},{"start":{},"end":{}}]},"9":{"loc":{"start":{"line":56,"column":8},"end":{"line":56,"column":42}},"type":"if","locations":[{"start":{"line":56,"column":8},"end":{"line":56,"column":42}},{"start":{},"end":{}}]},"10":{"loc":{"start":{"line":58,"column":8},"end":{"line":60,"column":9}},"type":"if","locations":[{"start":{"line":58,"column":8},"end":{"line":60,"column":9}},{"start":{},"end":{}}]},"11":{"loc":{"start":{"line":58,"column":12},"end":{"line":58,"column":46}},"type":"binary-expr","locations":[{"start":{"line":58,"column":12},"end":{"line":58,"column":23}},{"start":{"line":58,"column":27},"end":{"line":58,"column":46}}]},"12":{"loc":{"start":{"line":85,"column":4},"end":{"line":85,"column":24}},"type":"default-arg","locations":[{"start":{"line":85,"column":20},"end":{"line":85,"column":24}}]},"13":{"loc":{"start":{"line":86,"column":4},"end":{"line":86,"column":15}},"type":"default-arg","locations":[{"start":{"line":86,"column":14},"end":{"line":86,"column":15}}]},"14":{"loc":{"start":{"line":87,"column":4},"end":{"line":87,"column":22}},"type":"default-arg","locations":[{"start":{"line":87,"column":19},"end":{"line":87,"column":22}}]},"15":{"loc":{"start":{"line":88,"column":4},"end":{"line":88,"column":31}},"type":"default-arg","locations":[{"start":{"line":88,"column":26},"end":{"line":88,"column":31}}]},"16":{"loc":{"start":{"line":89,"column":4},"end":{"line":89,"column":29}},"type":"default-arg","locations":[{"start":{"line":89,"column":24},"end":{"line":89,"column":29}}]},"17":{"loc":{"start":{"line":94,"column":2},"end":{"line":99,"column":3}},"type":"if","locations":[{"start":{"line":94,"column":2},"end":{"line":99,"column":3}},{"start":{},"end":{}}]},"18":{"loc":{"start":{"line":94,"column":6},"end":{"line":94,"column":90}},"type":"binary-expr","locations":[{"start":{"line":94,"column":6},"end":{"line":94,"column":21}},{"start":{"line":94,"column":26},"end":{"line":94,"column":55}},{"start":{"line":94,"column":59},"end":{"line":94,"column":89}}]},"19":{"loc":{"start":{"line":102,"column":2},"end":{"line":104,"column":3}},"type":"if","locations":[{"start":{"line":102,"column":2},"end":{"line":104,"column":3}},{"start":{},"end":{}}]},"20":{"loc":{"start":{"line":102,"column":6},"end":{"line":102,"column":36}},"type":"binary-expr","locations":[{"start":{"line":102,"column":6},"end":{"line":102,"column":18}},{"start":{"line":102,"column":22},"end":{"line":102,"column":26}},{"start":{"line":102,"column":30},"end":{"line":102,"column":36}}]},"21":{"loc":{"start":{"line":107,"column":14},"end":{"line":107,"column":48}},"type":"binary-expr","locations":[{"start":{"line":107,"column":14},"end":{"line":107,"column":20}},{"start":{"line":107,"column":24},"end":{"line":107,"column":48}}]},"22":{"loc":{"start":{"line":108,"column":2},"end":{"line":115,"column":3}},"type":"if","locations":[{"start":{"line":108,"column":2},"end":{"line":115,"column":3}},{"start":{},"end":{}}]},"23":{"loc":{"start":{"line":113,"column":25},"end":{"line":113,"column":82}},"type":"cond-expr","locations":[{"start":{"line":113,"column":42},"end":{"line":113,"column":70}},{"start":{"line":113,"column":73},"end":{"line":113,"column":82}}]},"24":{"loc":{"start":{"line":118,"column":2},"end":{"line":120,"column":3}},"type":"if","locations":[{"start":{"line":118,"column":2},"end":{"line":120,"column":3}},{"start":{},"end":{}}]},"25":{"loc":{"start":{"line":125,"column":2},"end":{"line":127,"column":3}},"type":"if","locations":[{"start":{"line":125,"column":2},"end":{"line":127,"column":3}},{"start":{},"end":{}}]},"26":{"loc":{"start":{"line":131,"column":2},"end":{"line":141,"column":3}},"type":"if","locations":[{"start":{"line":131,"column":2},"end":{"line":141,"column":3}},{"start":{},"end":{}}]},"27":{"loc":{"start":{"line":132,"column":4},"end":{"line":133,"column":44}},"type":"binary-expr","locations":[{"start":{"line":132,"column":4},"end":{"line":132,"column":42}},{"start":{"line":133,"column":4},"end":{"line":133,"column":44}}]},"28":{"loc":{"start":{"line":137,"column":4},"end":{"line":139,"column":5}},"type":"if","locations":[{"start":{"line":137,"column":4},"end":{"line":139,"column":5}},{"start":{},"end":{}}]},"29":{"loc":{"start":{"line":151,"column":2},"end":{"line":159,"column":3}},"type":"if","locations":[{"start":{"line":151,"column":2},"end":{"line":159,"column":3}},{"start":{},"end":{}}]},"30":{"loc":{"start":{"line":162,"column":36},"end":{"line":164,"column":45}},"type":"cond-expr","locations":[{"start":{"line":163,"column":6},"end":{"line":163,"column":34}},{"start":{"line":164,"column":6},"end":{"line":164,"column":45}}]},"31":{"loc":{"start":{"line":166,"column":2},"end":{"line":171,"column":3}},"type":"if","locations":[{"start":{"line":166,"column":2},"end":{"line":171,"column":3}},{"start":{},"end":{}}]},"32":{"loc":{"start":{"line":166,"column":6},"end":{"line":166,"column":56}},"type":"binary-expr","locations":[{"start":{"line":166,"column":6},"end":{"line":166,"column":18}},{"start":{"line":166,"column":23},"end":{"line":166,"column":28}},{"start":{"line":166,"column":32},"end":{"line":166,"column":39}},{"start":{"line":166,"column":43},"end":{"line":166,"column":55}}]},"33":{"loc":{"start":{"line":190,"column":6},"end":{"line":190,"column":78}},"type":"if","locations":[{"start":{"line":190,"column":6},"end":{"line":190,"column":78}},{"start":{},"end":{}}]},"34":{"loc":{"start":{"line":194,"column":6},"end":{"line":195,"column":81}},"type":"if","locations":[{"start":{"line":194,"column":6},"end":{"line":195,"column":81}},{"start":{},"end":{}}]},"35":{"loc":{"start":{"line":194,"column":10},"end":{"line":194,"column":53}},"type":"binary-expr","locations":[{"start":{"line":194,"column":10},"end":{"line":194,"column":29}},{"start":{"line":194,"column":33},"end":{"line":194,"column":53}}]},"36":{"loc":{"start":{"line":206,"column":6},"end":{"line":207,"column":71}},"type":"if","locations":[{"start":{"line":206,"column":6},"end":{"line":207,"column":71}},{"start":{},"end":{}}]},"37":{"loc":{"start":{"line":213,"column":6},"end":{"line":214,"column":53}},"type":"if","locations":[{"start":{"line":213,"column":6},"end":{"line":214,"column":53}},{"start":{},"end":{}}]},"38":{"loc":{"start":{"line":218,"column":27},"end":{"line":220,"column":67}},"type":"cond-expr","locations":[{"start":{"line":219,"column":10},"end":{"line":219,"column":25}},{"start":{"line":220,"column":10},"end":{"line":220,"column":67}}]},"39":{"loc":{"start":{"line":230,"column":6},"end":{"line":238,"column":7}},"type":"if","locations":[{"start":{"line":230,"column":6},"end":{"line":238,"column":7}},{"start":{},"end":{}}]},"40":{"loc":{"start":{"line":230,"column":10},"end":{"line":230,"column":77}},"type":"binary-expr","locations":[{"start":{"line":230,"column":10},"end":{"line":230,"column":58}},{"start":{"line":230,"column":62},"end":{"line":230,"column":77}}]},"41":{"loc":{"start":{"line":235,"column":8},"end":{"line":236,"column":73}},"type":"if","locations":[{"start":{"line":235,"column":8},"end":{"line":236,"column":73}},{"start":{},"end":{}}]},"42":{"loc":{"start":{"line":240,"column":17},"end":{"line":240,"column":55}},"type":"cond-expr","locations":[{"start":{"line":240,"column":28},"end":{"line":240,"column":30}},{"start":{"line":240,"column":17},"end":{"line":240,"column":55}}]},"43":{"loc":{"start":{"line":240,"column":17},"end":{"line":240,"column":30}},"type":"binary-expr","locations":[{"start":{"line":240,"column":17},"end":{"line":240,"column":30}},{"start":{"line":240,"column":17},"end":{"line":240,"column":30}}]},"44":{"loc":{"start":{"line":243,"column":11},"end":{"line":243,"column":40}},"type":"cond-expr","locations":[{"start":{"line":243,"column":34},"end":{"line":243,"column":36}},{"start":{"line":243,"column":34},"end":{"line":243,"column":40}}]},"45":{"loc":{"start":{"line":243,"column":11},"end":{"line":243,"column":36}},"type":"binary-expr","locations":[{"start":{"line":243,"column":11},"end":{"line":243,"column":36}},{"start":{"line":243,"column":34},"end":{"line":243,"column":36}}]},"46":{"loc":{"start":{"line":243,"column":11},"end":{"line":243,"column":34}},"type":"cond-expr","locations":[{"start":{"line":243,"column":22},"end":{"line":243,"column":24}},{"start":{"line":243,"column":11},"end":{"line":243,"column":34}}]},"47":{"loc":{"start":{"line":243,"column":11},"end":{"line":243,"column":24}},"type":"binary-expr","locations":[{"start":{"line":243,"column":11},"end":{"line":243,"column":24}},{"start":{"line":243,"column":11},"end":{"line":243,"column":24}}]},"48":{"loc":{"start":{"line":246,"column":6},"end":{"line":251,"column":7}},"type":"if","locations":[{"start":{"line":246,"column":6},"end":{"line":251,"column":7}},{"start":{},"end":{}}]},"49":{"loc":{"start":{"line":257,"column":33},"end":{"line":257,"column":87}},"type":"cond-expr","locations":[{"start":{"line":257,"column":58},"end":{"line":257,"column":71}},{"start":{"line":257,"column":74},"end":{"line":257,"column":87}}]},"50":{"loc":{"start":{"line":259,"column":6},"end":{"line":261,"column":7}},"type":"if","locations":[{"start":{"line":259,"column":6},"end":{"line":261,"column":7}},{"start":{},"end":{}}]},"51":{"loc":{"start":{"line":264,"column":6},"end":{"line":271,"column":7}},"type":"if","locations":[{"start":{"line":264,"column":6},"end":{"line":271,"column":7}},{"start":{},"end":{}}]},"52":{"loc":{"start":{"line":264,"column":10},"end":{"line":264,"column":30}},"type":"cond-expr","locations":[{"start":{"line":264,"column":21},"end":{"line":264,"column":23}},{"start":{"line":264,"column":10},"end":{"line":264,"column":30}}]},"53":{"loc":{"start":{"line":264,"column":10},"end":{"line":264,"column":23}},"type":"binary-expr","locations":[{"start":{"line":264,"column":10},"end":{"line":264,"column":23}},{"start":{"line":264,"column":10},"end":{"line":264,"column":23}}]},"54":{"loc":{"start":{"line":277,"column":9},"end":{"line":277,"column":44}},"type":"binary-expr","locations":[{"start":{"line":277,"column":9},"end":{"line":277,"column":23}},{"start":{"line":277,"column":27},"end":{"line":277,"column":44}}]},"55":{"loc":{"start":{"line":290,"column":2},"end":{"line":290,"column":32}},"type":"if","locations":[{"start":{"line":290,"column":2},"end":{"line":290,"column":32}},{"start":{},"end":{}}]}},"s":{"0":3,"1":3,"2":3,"3":3,"4":3,"5":3,"6":3,"7":3,"8":3,"9":3,"10":3,"11":3,"12":3,"13":3,"14":23,"15":2,"16":3,"17":16,"18":16,"19":16,"20":16,"21":16,"22":1,"23":1,"24":3,"25":1,"26":0,"27":0,"28":1,"29":1,"30":2,"31":5,"32":5,"33":2,"34":3,"35":3,"36":0,"37":0,"38":1,"39":1,"40":1,"41":2,"42":1,"43":1,"44":15,"45":18,"46":18,"47":2,"48":16,"49":16,"50":15,"51":16,"52":16,"53":3,"54":13,"55":1,"56":12,"57":12,"58":12,"59":1,"60":11,"61":11,"62":0,"63":0,"64":0,"65":0,"66":0,"67":11,"68":11,"69":11,"70":11,"71":11,"72":0,"73":11,"74":11,"75":1,"76":10,"77":13,"78":13,"79":13,"80":13,"81":13,"82":13,"83":13,"84":13,"85":9,"86":0,"87":18,"88":9,"89":9,"90":0,"91":9,"92":9,"93":18,"94":9,"95":9,"96":0,"97":9,"98":9,"99":0,"100":9,"101":9,"102":9,"103":9,"104":9,"105":9,"106":9,"107":0,"108":0,"109":0,"110":9,"111":3,"112":3,"113":0,"114":3,"115":9,"116":9,"117":9,"118":9,"119":9,"120":9,"121":9,"122":4,"123":4,"124":4,"125":0,"126":4,"127":13,"128":9,"129":9,"130":9,"131":10,"132":10,"133":10,"134":3,"135":3,"136":3,"137":3,"138":10,"139":3,"140":3,"141":0,"142":3,"143":0,"144":0,"145":0,"146":0,"147":3,"148":3,"149":0,"150":0,"151":3},"f":{"0":23,"1":16,"2":16,"3":3,"4":0,"5":2,"6":0,"7":18,"8":11,"9":13,"10":9,"11":9,"12":3,"13":3,"14":0,"15":0},"b":{"0":[2,21],"1":[15],"2":[16,0],"3":[16,0],"4":[16,16],"5":[0,16],"6":[16,16],"7":[1,15],"8":[0,1],"9":[2,3],"10":[0,3],"11":[3,0],"12":[18],"13":[16],"14":[16],"15":[18],"16":[18],"17":[2,16],"18":[18,5,4],"19":[15,1],"20":[16,16,15],"21":[16,14],"22":[3,13],"23":[2,1],"24":[1,12],"25":[1,11],"26":[0,11],"27":[11,11],"28":[0,0],"29":[0,11],"30":[6,5],"31":[1,10],"32":[11,10,0,0],"33":[0,9],"34":[0,9],"35":[9,9],"36":[0,9],"37":[0,9],"38":[3,6],"39":[3,6],"40":[9,6],"41":[0,3],"42":[0,9],"43":[9,9],"44":[0,9],"45":[9,9],"46":[0,9],"47":[9,9],"48":[9,0],"49":[4,0],"50":[0,4],"51":[9,4],"52":[4,9],"53":[13,9],"54":[13,4],"55":[0,3]}}
[...]
81,"column":4},"end":{"line":81,"column":104}},"32":{"start":{"line":82,"column":4},"end":{"line":82,"column":19}},"33":{"start":{"line":85,"column":2},"end":{"line":85,"column":38}},"34":{"start":{"line":5,"column":13},"end":{"line":5,"column":33}}},"fnMap":{"0":{"name":"(anonymous_17)","decl":{"start":{"line":5,"column":33},"end":{"line":5,"column":40}},"loc":{"start":{"line":13,"column":77},"end":{"line":86,"column":2}}},"1":{"name":"(anonymous_18)","decl":{"start":{"line":13,"column":77},"end":{"line":13,"column":null}},"loc":{"start":{"line":13,"column":1},"end":{"line":86,"column":1}}},"2":{"name":"(anonymous_19)","decl":{"start":{"line":19,"column":22},"end":{"line":19,"column":35}},"loc":{"start":{"line":19,"column":22},"end":{"line":19,"column":47}}},"3":{"name":"(anonymous_20)","decl":{"start":{"line":35,"column":37},"end":{"line":35,"column":40}},"loc":{"start":{"line":35,"column":42},"end":{"line":39,"column":5}}},"4":{"name":"(anonymous_21)","decl":{"start":{"line":37,"column":13},"end":{"line":37,"column":16}},"loc":{"start":{"line":37,"column":19},"end":{"line":37,"column":24}}},"5":{"name":"(anonymous_22)","decl":{"start":{"line":62,"column":8},"end":{"line":62,"column":9}},"loc":{"start":{"line":62,"column":43},"end":{"line":65,"column":9}}},"6":{"name":"(anonymous_23)","decl":{"start":{"line":70,"column":8},"end":{"line":70,"column":9}},"loc":{"start":{"line":70,"column":43},"end":{"line":74,"column":9}}}},"branchMap":{"0":{"loc":{"start":{"line":7,"column":2},"end":{"line":7,"column":17}},"type":"default-arg","locations":[{"start":{"line":7,"column":13},"end":{"line":7,"column":17}}]},"1":{"loc":{"start":{"line":49,"column":4},"end":{"line":76,"column":5}},"type":"if","locations":[{"start":{"line":49,"column":4},"end":{"line":76,"column":5}},{"start":{},"end":{}}]},"2":{"loc":{"start":{"line":63,"column":22},"end":{"line":63,"column":62}},"type":"binary-expr","locations":[{"start":{"line":63,"column":22},"end":{"line":63,"column":56}},{"start":{"line":63,"column":60},"end":{"line":63,"column":62}}]},"3":{"loc":{"start":{"line":71,"column":10},"end":{"line":71,"column":72}},"type":"if","locations":[{"start":{"line":71,"column":10},"end":{"line":71,"column":72}},{"start":{},"end":{}}]},"4":{"loc":{"start":{"line":72,"column":25},"end":{"line":72,"column":60}},"type":"binary-expr","locations":[{"start":{"line":72,"column":25},"end":{"line":72,"column":55}},{"start":{"line":72,"column":59},"end":{"line":72,"column":60}}]},"5":{"loc":{"start":{"line":81,"column":47},"end":{"line":81,"column":101}},"type":"cond-expr","locations":[{"start":{"line":81,"column":72},"end":{"line":81,"column":85}},{"start":{"line":81,"column":88},"end":{"line":81,"column":101}}]}},"s":{"0":1,"1":1,"2":0,"3":0,"4":0,"5":0,"6":0,"7":0,"8":0,"9":0,"10":0,"11":0,"12":0,"13":0,"14":0,"15":0,"16":0,"17":0,"18":0,"19":0,"20":0,"21":0,"22":0,"23":0,"24":0,"25":0,"26":0,"27":0,"28":0,"29":0,"30":0,"31":0,"32":0,"33":0,"34":1},"f":{"0":0,"1":0,"2":0,"3":0,"4":0,"5":0,"6":0},"b":{"0":[0],"1":[0,0],"2":[0,0],"3":[0,0],"4":[0,0],"5":[0,0]}}
,"/Users/waleedjudah/gt/itchio/mayor/rig/src/itchDownloader/initiateDownload.ts": {"path":"/Users/waleedjudah/gt/itchio/mayor/rig/src/itchDownloader/initiateDownload.ts","statementMap":{"0":{"start":{"line":12,"column":32},"end":{"line":77,"column":2}},"1":{"start":{"line":20,"column":52},"end":{"line":77,"column":2}},"2":{"start":{"line":21,"column":16},"end":{"line":21,"column":18}},"3":{"start":{"line":22,"column":15},"end":{"line":22,"column":20}},"4":{"start":{"line":23,"column":26},"end":{"line":23,"column":31}},"5":{"start":{"line":25,"column":2},"end":{"line":74,"column":3}},"6":{"start":{"line":26,"column":17},"end":{"line":26,"column":40}},"7":{"start":{"line":29,"column":4},"end":{"line":32,"column":7}},"8":{"start":{"line":35,"column":4},"end":{"line":35,"column":94}},"9":{"start":{"line":38,"column":24},"end":{"line":38,"column":63}},"10":{"start":{"line":41,"column":4},"end":{"line":50,"column":5}},"11":{"start":{"line":42,"column":35},"end":{"line":42,"column":57}},"12":{"start":{"line":43,"column":6},"end":{"line":43,"column":74}},"13":{"start":{"line":44,"column":6},"end":{"line":44,"column":71}},"14":{"start":{"line":44,"column":37},"end":{"line":44,"column":69}},"15":{"start":{"line":45,"column":6},"end":{"line":45,"column":45}},"16":{"start":{"line":46,"column":6},"end":{"line":46,"column":31}},"17":{"start":{"line":47,"column":6},"end":{"line":47,"column":66}},"18":{"start":{"line":53,"column":4},"end":{"line":68,"column":5}},"19":{"start":{"line":54,"column":6},"end":{"line":54,"column":80}},"20":{"start":{"line":55,"column":6},"end":{"line":55,"column":71}},"21":{"start":{"line":55,"column":37},"end":{"line":55,"column":69}},"22":{"start":{"line":57,"column":31},"end":{"line":57,"column":53}},"23":{"start":{"line":58,"column":6},"end":{"line":58,"column":70}},"24":{"start":{"line":59,"column":6},"end":{"line":59,"column":41}},"25":{"start":{"line":61,"column":29},"end":{"line":61,"column":44}},"26":{"start":{"line":62,"column":6},"end":{"line":62,"column":68}},"27":{"start":{"line":64,"column":6},"end":{"line":64,"column":39}},"28":{"start":{"line":66,"column":6},"end":{"line":66,"column":70}},"29":{"start":{"line":67,"column":6},"end":{"line":67,"column":31}},"30":{"start":{"line":70,"column":4},"end":{"line":70,"column":31}},"31":{"start":{"line":72,"column":4},"end":{"line":72,"column":109}},"32":{"start":{"line":73,"column":4},"end":{"line":73,"column":19}},"33":{"start":{"line":76,"column":2},"end":{"line":76,"column":29}},"34":{"start":{"line":12,"column":13},"end":{"line":12,"column":32}}},"fnMap":{"0":{"name":"(anonymous_7)","decl":{"start":{"line":12,"column":32},"end":{"line":12,"column":39}},"loc":{"start":{"line":20,"column":52},"end":{"line":77,"column":2}}},"1":{"name":"(anonymous_8)","decl":{"start":{"line":20,"column":52},"end":{"line":20,"column":null}},"loc":{"start":{"line":20,"column":1},"end":{"line":77,"column":1}}},"2":{"name":"(anonymous_9)","decl":{"start":{"line":44,"column":24},"end":{"line":44,"column":25}},"loc":{"start":{"line":44,"column":37},"end":{"line":44,"column":69}}},"3":{"name":"(anonymous_10)","decl":{"start":{"line":55,"column":24},"end":{"line":55,"column":25}},"loc":{"start":{"line":55,"column":37},"end":{"line":55,"column":69}}}},"branchMap":{"0":{"loc":{"start":{"line":15,"column":2},"end":{"line":15,"column":29}},"type":"default-arg","locations":[{"start":{"line":15,"column":24},"end":{"line":15,"column":29}}]},"1":{"loc":{"start":{"line":53,"column":4},"end":{"line":68,"column":5}},"type":"if","locations":[{"start":{"line":53,"column":4},"end":{"line":68,"column":5}},{"start":{},"end":{}}]},"2":{"loc":{"start":{"line":72,"column":52},"end":{"line":72,"column":106}},"type":"cond-expr","locations":[{"start":{"line":72,"column":77},"end":{"line":72,"column":90}},{"start":{"line":72,"column":93},"end":{"line":72,"column":106}}]}},"s":{"0":1,"1":0,"2":0,"3":0,"4":0,"5":0,"6":0,"7":0,"8":0,"9":0,"10":0,"11":0,"12":0,"13":0,"14":0,"15":0,"16":0,"17":0,"18":0,"19":0,"20":0,"21":0,"22":0,"23":0,"24":0,"25":0,"26":0,"27":0,"28":0,"29":0,"30":0,"31":0,"32":0,"33":0,"34":1},"f":{"0":0,"1":0,"2":0,"3":0},"b":{"0":[0],"1":[0,0],"2":[0,0]}}
,"/Users/waleedjudah/gt/itchio/mayor/rig/src/itchDownloader/itchApiClient.ts": {"path":"/Users/waleedjudah/gt/itchio/mayor/rig/src/itchDownloader/itchApiClient.ts","statementMap":{"0":{"start":{"line":1,"column":0},"end":{"line":1,"column":62}},"1":{"start":{"line":6,"column":22},"end":{"line":6,"column":36}},"2":{"start":{"line":7,"column":4},"end":{"line":7,"column":52}},"3":{"start":{"line":11,"column":16},"end":{"line":11,"column":89}},"4":{"start":{"line":12,"column":4},"end":{"line":16,"column":5}},"5":{"start":{"line":13,"column":6},"end":{"line":15,"column":7}},"6":{"start":{"line":14,"column":8},"end":{"line":14,"column":43}},"7":{"start":{"line":17,"column":4},"end":{"line":17,"column":26}},"8":{"start":{"line":21,"column":4},"end":{"line":21,"column":54}},"9":{"start":{"line":25,"column":16},"end":{"line":25,"column":47}},"10":{"start":{"line":26,"column":16},"end":{"line":26,"column":59}},"11":{"start":{"line":27,"column":4},"end":{"line":32,"column":5}},"12":{"start":{"line":28,"column":18},"end":{"line":28,"column":119}},"13":{"start":{"line":29,"column":6},"end":{"line":29,"column":34}},"14":{"start":{"line":30,"column":6},"end":{"line":30,"column":50}},"15":{"start":{"line":30,"column":46},"end":{"line":30,"column":48}},"16":{"start":{"line":31,"column":6},"end":{"line":31,"column":16}},"17":{"start":{"line":33,"column":4},"end":{"line":33,"column":36}},"18":{"start":{"line":41,"column":16},"end":{"line":41,"column":39}},"19":{"start":{"line":42,"column":16},"end":{"line":42,"column":59}},"20":{"start":{"line":43,"column":4},"end":{"line":48,"column":5}},"21":{"start":{"line":44,"column":18},"end":{"line":44,"column":120}},"22":{"start":{"line":45,"column":6},"end":{"line":45,"column":34}},"23":{"start":{"line":46,"column":6},"end":{"line":46,"column":50}},"24":{"start":{"line":46,"column":46},"end":{"line":46,"column":48}},"25":{"start":{"line":47,"column":6},"end":{"line":47,"column":16}},"26":{"start":{"line":49,"column":4},"end":{"line":49,"column":50}},"27":{"start":{"line":57,"column":16},"end":{"line":57,"column":39}},"28":{"start":{"line":58,"column":16},"end":{"line":58,"column":59}},"29":{"start":{"line":59,"column":4},"end":{"line":64,"column":5}},"30":{"start":{"line":60,"column":18},"end":{"line":60,"column":120}},"31":{"start":{"line":61,"column":6},"end":{"line":61,"column":34}},"32":{"start":{"line":62,"column":6},"end":{"line":62,"column":50}},"33":{"start":{"line":62,"column":46},"end":{"line":62,"column":48}},"34":{"start":{"line":63,"column":6},"end":{"line":63,"column":16}},"35":{"start":{"line":65,"column":4},"end":{"line":65,"column":53}},"36":{"start":{"line":4,"column":0},"end":{"line":4,"column":13}}},"fnMap":{"0":{"name":"(anonymous_7)","decl":{"start":{"line":6,"column":2},"end":{"line":6,"column":22}},"loc":{"start":{"line":6,"column":54},"end":{"line":8,"column":3}}},"1":{"name":"(anonymous_8)","decl":{"start":{"line":10,"column":10},"end":{"line":10,"column":18}},"loc":{"start":{"line":10,"column":77},"end":{"line":18,"column":3}}},"2":{"name":"(anonymous_9)","decl":{"start":{"line":20,"column":2},"end":{"line":20,"column":14}},"loc":{"start":{"line":20,"column":21},"end":{"line":22,"column":3}}},"3":{"name":"(anonymous_10)","decl":{"start":{"line":24,"column":8},"end":{"line":24,"column":11}},"loc":{"start":{"line":24,"column":83},"end":{"line":34,"column":null}}},"4":{"name":"(anonymous_12)","decl":{"start":{"line":30,"column":40},"end":{"line":30,"column":43}},"loc":{"start":{"line":30,"column":46},"end":{"line":30,"column":48}}},"5":{"name":"(anonymous_13)","decl":{"start":{"line":36,"column":8},"end":{"line":36,"column":16}},"loc":{"start":{"line":39,"column":49},"end":{"line":50,"column":null}}},"6":{"name":"(anonymous_15)","decl":{"start":{"line":46,"column":40},"end":{"line":46,"column":43}},"loc":{"start":{"line":46,"column":46},"end":{"line":46,"column":48}}},"7":{"name":"(anonymous_16)","decl":{"start":{"line":52,"column":8},"end":{"line":52,"column":24}},"loc":{"start":{"line":55,"column":21},"end":{"line":66,"column":null}}},"8":{"name":"(anonymous_18)","decl":{"start":{"line":62,"column":40},"end":{"line":62,"column":43}},"loc":{"start":{"line":62,"column":46},"end":{"line":62,"column":48}}}},"branchMap":{"0":{"loc":{"start":{"line":7,"column":19},"end":{"line":7,"column":51}},"type":"binary-expr","locations":[{"start":{"line":7,"column":19},"end":{"line":7,"column":26}},{"start":{"line":7,"column":30},"end":{"line":7,"column":51}}]},"1":{"loc":{"start":{"line":11,"column":24},"end":{"line":11,"column":88}},"type":"cond-expr","locations":[{"start":{"line":11,"column":54},"end":{"line":11,"column":62}},{"start":{"line":11,"column":65},"end":{"line":11,"column":88}}]},"2":{"loc":{"start":{"line":12,"column":4},"end":{"line":16,"column":5}},"type":"if","locations":[{"start":{"line":12,"column":4},"end":{"line":16,"column":5}},{"start":{},"end":{}}]},"3":{"loc":{"start":{"line":27,"column":4},"end":{"line":32,"column":5}},"type":"if","locations":[{"start":{"line":27,"column":4},"end":{"line":32,"column":5}},{"start":{},"end":{}}]},"4":{"loc":{"start":{"line":43,"column":4},"end":{"line":48,"column":5}},"type":"if","locations":[{"start":{"line":43,"column":4},"end":{"line":48,"column":5}},{"start":{},"end":{}}]},"5":{"loc":{"start":{"line":59,"column":4},"end":{"line":64,"column":5}},"type":"if","locations":[{"start":{"line":59,"column":4},"end":{"line":64,"column":5}},{"start":{},"end":{}}]}},"s":{"0":4,"1":7,"2":7,"3":10,"4":10,"5":0,"6":0,"7":10,"8":10,"9":6,"10":6,"11":6,"12":1,"13":1,"14":1,"15":0,"16":1,"17":5,"18":3,"19":3,"20":3,"21":0,"22":0,"23":0,"24":0,"25":0,"26":3,"27":1,"28":1,"29":1,"30":0,"31":0,"32":0,"33":0,"34":0,"35":1,"36":4},"f":{"0":7,"1":10,"2":10,"3":6,"4":0,"5":3,"6":0,"7":1,"8":0},"b":{"0":[7,7],"1":[0,10],"2":[0,10],"3":[1,5],"4":[0,3],"5":[0,1]}}
,"/Users/waleedjudah/gt/itchio/mayor/rig/src/itchDownloader/parseItchGameMetadata.ts": {"path":"/Users/waleedjudah/gt/itchio/mayor/rig/src/itchDownloader/parseItchGameMetadata.ts","statementMap":{"0":{"start":{"line":8,"column":37},"end":{"line":69,"column":2}},"1":{"start":{"line":18,"column":39},"end":{"line":69,"column":2}},"2":{"start":{"line":19,"column":2},"end":{"line":21,"column":3}},"3":{"start":{"line":20,"column":4},"end":{"line":20,"column":66}},"4":{"start":{"line":23,"column":2},"end":{"line":32,"column":3}},"5":{"start":{"line":28,"column":4},"end":{"line":31,"column":6}},"6":{"start":{"line":34,"column":2},"end":{"line":68,"column":3}},"7":{"start":{"line":35,"column":21},"end":{"line":35,"column":45}},"8":{"start":{"line":36,"column":4},"end":{"line":42,"column":5}},"9":{"start":{"line":37,"column":6},"end":{"line":41,"column":8}},"10":{"start":{"line":43,"column":17},"end":{"line":43,"column":38}},"11":{"start":{"line":45,"column":4},"end":{"line":47,"column":5}},"12":{"start":{"line":46,"column":6},"end":{"line":46,"column":68}},"13":{"start":{"line":49,"column":46},"end":{"line":60,"column":6}},"14":{"start":{"line":61,"column":4},"end":{"line":61,"column":20}},"15":{"start":{"line":63,"column":4},"end":{"line":67,"column":6}},"16":{"start":{"line":8,"column":13},"end":{"line":8,"column":37}}},"fnMap":{"0":{"name":"(anonymous_7)","decl":{"start":{"line":8,"column":37},"end":{"line":8,"column":44}},"loc":{"start":{"line":18,"column":39},"end":{"line":69,"column":2}}},"1":{"name":"(anonymous_8)","decl":{"start":{"line":18,"column":39},"end":{"line":18,"column":null}},"loc":{"start":{"line":18,"column":1},"end":{"line":69,"column":1}}}},"branchMap":{"0":{"loc":{"start":{"line":12,"column":2},"end":{"line":12,"column":20}},"type":"default-arg","locations":[{"start":{"line":12,"column":11},"end":{"line":12,"column":20}}]},"1":{"loc":{"start":{"line":19,"column":2},"end":{"line":21,"column":3}},"type":"if","locations":[{"start":{"line":19,"column":2},"end":{"line":21,"column":3}},{"start":{},"end":{}}]},"2":{"loc":{"start":{"line":19,"column":6},"end":{"line":19,"column":36}},"type":"binary-expr","locations":[{"start":{"line":19,"column":6},"end":{"line":19,"column":18}},{"start":{"line":19,"column":22},"end":{"line":19,"column":28}},{"start":{"line":19,"column":32},"end":{"line":19,"column":36}}]},"3":{"loc":{"start":{"line":23,"column":2},"end":{"line":32,"column":3}},"type":"if","locations":[{"start":{"line":23,"column":2},"end":{"line":32,"column":3}},{"start":{},"end":{}}]},"4":{"loc":{"start":{"line":24,"column":4},"end":{"line":26,"column":34}},"type":"binary-expr","locations":[{"start":{"line":24,"column":4},"end":{"line":24,"column":16}},{"start":{"line":25,"column":4},"end":{"line":25,"column":38}},{"start":{"line":26,"column":4},"end":{"line":26,"column":34}}]},"5":{"loc":{"start":{"line":36,"column":4},"end":{"line":42,"column":5}},"type":"if","locations":[{"start":{"line":36,"column":4},"end":{"line":42,"column":5}},{"start":{},"end":{}}]},"6":{"loc":{"start":{"line":45,"column":4},"end":{"line":47,"column":5}},"type":"if","locations":[{"start":{"line":45,"column":4},"end":{"line":47,"column":5}},{"start":{},"end":{}}]},"7":{"loc":{"start":{"line":45,"column":8},"end":{"line":45,"column":72}},"type":"binary-expr","locations":[{"start":{"line":45,"column":8},"end":{"line":45,"column":19}},{"start":{"line":45,"column":23},"end":{"line":45,"column":40}},{"start":{"line":45,"column":44},"end":{"line":45,"column":57}},{"start":{"line":45,"column":61},"end":{"line":45,"column":72}}]},"8":{"loc":{"start":{"line":55,"column":12},"end":{"line":55,"column":27}},"type":"binary-expr","locations":[{"start":{"line":55,"column":12},"end":{"line":55,"column":21}},{"start":{"line":55,"column":25},"end":{"line":55,"column":27}}]},"9":{"loc":{"start":{"line":66,"column":53},"end":{"line":66,"column":107}},"type":"cond-expr","locations":[{"start":{"line":66,"column":78},"end":{"line":66,"column":91}},{"start":{"line":66,"column":94},"end":{"line":66,"column":107}}]}},"s":{"0":6,"1":3,"2":3,"3":0,"4":3,"5":1,"6":2,"7":2,"8":2,"9":0,"10":2,"11":2,"12":0,"13":2,"14":2,"15":0,"16":6},"f":{"0":3,"1":3},"b":{"0":[3],"1":[0,3],"2":[3,0,0],"3":[1,2],"4":[3,3,3],"5":[0,2],"6":[0,2],"7":[2,2,2,2],"8":[2,1],"9":[0,0]}}
,"/Users/waleedjudah/gt/itchio/mayor/rig/src/itchDownloader/parseItchGameUrl.ts": {"path":"/Users/waleedjudah/gt/itchio/mayor/rig/src/itchDownloader/parseItchGameUrl.ts","statementMap":{"0":{"start":{"line":9,"column":32},"end":{"line":47,"column":1}},"1":{"start":{"line":14,"column":35},"end":{"line":14,"column":44}},"2":{"start":{"line":15,"column":33},"end":{"line":15,"column":42}},"3":{"start":{"line":16,"column":17},"end":{"line":16,"column":27}},"4":{"start":{"line":17,"column":15},"end":{"line":17,"column":20}},"5":{"start":{"line":18,"column":16},"end":{"line":18,"column":48}},"6":{"start":{"line":20,"column":2},"end":{"line":37,"column":3}},"7":{"start":{"line":22,"column":23},"end":{"line":22,"column":72}},"8":{"start":{"line":23,"column":18},"end":{"line":23,"column":47}},"9":{"start":{"line":25,"column":4},"end":{"line":32,"column":5}},"10":{"start":{"line":26,"column":6},"end":{"line":26,"column":24}},"11":{"start":{"line":27,"column":6},"end":{"line":27,"column":22}},"12":{"start":{"line":28,"column":6},"end":{"line":28,"column":20}},"13":{"start":{"line":29,"column":6},"end":{"line":29,"column":43}},"14":{"start":{"line":31,"column":6},"end":{"line":31,"column":61}},"15":{"start":{"line":34,"column":4},"end":{"line":34,"column":23}},"16":{"start":{"line":35,"column":4},"end":{"line":35,"column":21}},"17":{"start":{"line":36,"column":4},"end":{"line":36,"column":69}},"18":{"start":{"line":39,"column":2},"end":{"line":46,"column":26}},"19":{"start":{"line":9,"column":13},"end":{"line":9,"column":32}}},"fnMap":{"0":{"name":"(anonymous_0)","decl":{"start":{"line":9,"column":32},"end":{"line":9,"column":33}},"loc":{"start":{"line":13,"column":25},"end":{"line":47,"column":1}}}},"branchMap":{"0":{"loc":{"start":{"line":25,"column":4},"end":{"line":32,"column":5}},"type":"if","locations":[{"start":{"line":25,"column":4},"end":{"line":32,"column":5}},{"start":{"line":30,"column":11},"end":{"line":32,"column":5}}]},"1":{"loc":{"start":{"line":25,"column":8},"end":{"line":25,"column":34}},"type":"binary-expr","locations":[{"start":{"line":25,"column":8},"end":{"line":25,"column":13}},{"start":{"line":25,"column":17},"end":{"line":25,"column":34}}]},"2":{"loc":{"start":{"line":36,"column":14},"end":{"line":36,"column":68}},"type":"cond-expr","locations":[{"start":{"line":36,"column":39},"end":{"line":36,"column":52}},{"start":{"line":36,"column":55},"end":{"line":36,"column":68}}]}},"s":{"0":5,"1":6,"2":6,"3":6,"4":6,"5":6,"6":6,"7":6,"8":6,"9":6,"10":3,"11":3,"12":3,"13":3,"14":3,"15":3,"16":3,"17":3,"18":6,"19":5},"f":{"0":6},"b":{"0":[3,3],"1":[6,3],"2":[3,0]}}
}
