TN:
SF:src/cli.ts
FN:14,formatBytes
FN:21,renderProgressBar
FN:42,printResult
FN:63,run
FN:64,(anonymous_20)
FN:67,(anonymous_21)
FN:68,(anonymous_22)
FN:132,(anonymous_23)
FNF:8
FNH:6
FNDA:0,formatBytes
FNDA:0,renderProgressBar
FNDA:8,printResult
FNDA:10,run
FNDA:10,(anonymous_20)
FNDA:10,(anonymous_21)
FNDA:10,(anonymous_22)
FNDA:10,(anonymous_23)
DA:4,1
DA:5,1
DA:6,1
DA:15,0
DA:16,0
DA:17,0
DA:18,0
DA:22,0
DA:23,0
DA:24,0
DA:26,0
DA:27,0
DA:28,0
DA:29,0
DA:30,0
DA:31,0
DA:32,0
DA:36,0
DA:46,8
DA:48,8
DA:49,8
DA:50,8
DA:51,8
DA:52,8
DA:53,8
DA:54,8
DA:55,8
DA:57,0
DA:58,0
DA:63,1
DA:64,10
DA:67,10
DA:68,10
DA:71,10
DA:133,10
DA:134,1
DA:135,9
DA:136,7
DA:137,2
DA:138,1
DA:140,1
DA:148,9
DA:150,9
DA:152,9
DA:153,1
DA:154,1
DA:155,1
DA:160,1
DA:162,0
DA:165,0
DA:167,1
DA:170,8
DA:175,8
DA:176,8
DA:177,8
DA:178,8
DA:179,8
DA:180,8
DA:181,8
DA:182,1
DA:183,8
DA:184,0
DA:187,8
DA:188,8
DA:191,8
DA:192,8
DA:196,7
DA:198,1
DA:201,1
DA:205,1
DA:206,0
LF:71
LH:50
BRDA:15,0,0,0
BRDA:15,0,1,0
BRDA:23,1,0,0
BRDA:23,1,1,0
BRDA:24,2,0,0
BRDA:24,2,1,0
BRDA:26,3,0,0
BRDA:26,3,1,0
BRDA:26,4,0,0
BRDA:26,4,1,0
BRDA:46,5,0,0
BRDA:46,5,1,8
BRDA:49,6,0,8
BRDA:49,6,1,0
BRDA:51,7,0,0
BRDA:51,7,1,8
BRDA:52,8,0,0
BRDA:52,8,1,8
BRDA:53,9,0,0
BRDA:53,9,1,8
BRDA:53,10,0,8
BRDA:53,10,1,0
BRDA:53,11,0,8
BRDA:53,11,1,8
BRDA:54,12,0,0
BRDA:54,12,1,8
BRDA:55,13,0,0
BRDA:55,13,1,8
BRDA:58,14,0,0
BRDA:58,14,1,0
BRDA:64,15,0,0
BRDA:133,16,0,1
BRDA:133,16,1,9
BRDA:135,17,0,7
BRDA:135,17,1,2
BRDA:137,18,0,1
BRDA:137,18,1,1
BRDA:137,19,0,2
BRDA:137,19,1,2
BRDA:148,20,0,1
BRDA:148,20,1,8
BRDA:148,21,0,9
BRDA:148,21,1,9
BRDA:150,22,0,2
BRDA:150,22,1,7
BRDA:152,23,0,1
BRDA:152,23,1,8
BRDA:163,24,0,0
BRDA:163,24,1,0
BRDA:175,25,0,2
BRDA:175,25,1,6
BRDA:176,26,0,1
BRDA:176,26,1,7
BRDA:177,27,0,1
BRDA:177,27,1,7
BRDA:178,28,0,0
BRDA:178,28,1,8
BRDA:179,29,0,0
BRDA:179,29,1,8
BRDA:180,30,0,1
BRDA:180,30,1,7
BRDA:181,31,0,1
BRDA:181,31,1,7
BRDA:183,32,0,0
BRDA:183,32,1,8
BRDA:189,33,0,8
BRDA:189,33,1,1
BRDA:191,34,0,0
BRDA:191,34,1,8
BRDA:199,35,0,1
BRDA:199,35,1,0
BRDA:205,36,0,0
BRDA:205,36,1,1
BRF:73
BRH:44
end_of_record
TN:
SF:src/fileUtils/createDirectory.ts
FN:9,createDirectory
FN:9,(anonymous_9)
FNF:2
FNH:2
FNDA:37,createDirectory
FNDA:37,(anonymous_9)
DA:1,5
DA:9,37
DA:14,37
DA:15,37
DA:17,37
DA:21,37
DA:22,37
DA:23,31
DA:26,6
DA:30,37
DA:31,0
DA:34,37
DA:36,0
DA:37,0
LF:14
LH:11
BRDA:17,0,0,0
BRDA:17,0,1,37
BRDA:30,1,0,0
BRDA:30,1,1,37
BRDA:30,2,0,37
BRDA:30,2,1,0
BRF:6
BRH:3
end_of_record
TN:
SF:src/fileUtils/createFile.ts
FN:13,(anonymous_8)
FN:42,(anonymous_9)
FN:48,(anonymous_10)
FN:48,(anonymous_11)
FNF:4
FNH:4
FNDA:5,(anonymous_8)
FNDA:5,(anonymous_9)
FNDA:6,(anonymous_10)
FNDA:6,(anonymous_11)
DA:1,6
DA:2,6
DA:3,6
DA:4,6
DA:13,6
DA:42,5
DA:44,5
DA:45,5
DA:47,5
DA:48,6
DA:49,6
DA:50,6
DA:52,6
DA:53,1
DA:58,5
DA:59,5
DA:65,5
DA:66,5
DA:70,5
DA:71,5
DA:72,5
DA:73,5
DA:77,5
DA:78,5
DA:79,5
DA:80,5
DA:82,0
DA:85,5
DA:86,5
DA:87,5
DA:89,0
DA:91,5
DA:92,0
DA:95,5
DA:108,0
DA:116,4
LF:36
LH:32
BRDA:44,0,0,1
BRDA:44,0,1,4
BRDA:52,1,0,1
BRDA:52,1,1,5
BRDA:60,2,0,5
BRDA:60,2,1,5
BRDA:60,2,2,5
BRDA:73,3,0,5
BRDA:73,3,1,0
BRDA:85,4,0,5
BRDA:85,4,1,0
BRDA:86,5,0,5
BRDA:86,5,1,0
BRDA:91,6,0,0
BRDA:91,6,1,5
BRDA:109,7,0,0
BRDA:109,7,1,0
BRDA:116,8,0,3
BRDA:116,8,1,1
BRF:19
BRH:13
end_of_record
TN:
SF:src/fileUtils/deleteDirectoryOrFile.ts
FN:10,deleteDirectoryOrFile
FN:10,(anonymous_9)
FNF:2
FNH:2
FNDA:3,deleteDirectoryOrFile
FNDA:3,(anonymous_9)
DA:1,1
DA:10,3
DA:15,3
DA:16,3
DA:18,2
DA:20,1
DA:21,1
DA:24,1
DA:25,1
DA:28,1
LF:10
LH:10
BRDA:18,0,0,1
BRDA:18,0,1,1
BRDA:30,1,0,0
BRDA:30,1,1,1
BRF:4
BRH:3
end_of_record
TN:
SF:src/fileUtils/renameFile.ts
FN:9,(anonymous_8)
FN:17,(anonymous_9)
FNF:2
FNH:2
FNDA:5,(anonymous_8)
FNDA:5,(anonymous_9)
DA:1,5
DA:2,5
DA:9,5
DA:17,5
DA:18,5
DA:19,1
DA:25,4
DA:26,4
DA:27,4
DA:28,4
DA:30,4
DA:31,4
DA:34,4
DA:35,4
DA:39,4
DA:41,3
DA:48,1
DA:49,1
LF:18
LH:18
BRDA:18,0,0,1
BRDA:18,0,1,4
BRDA:18,1,0,5
BRDA:18,1,1,2
BRDA:30,2,0,4
BRDA:30,2,1,1
BRDA:31,3,0,2
BRDA:31,3,1,2
BRDA:48,4,0,0
BRDA:48,4,1,1
BRF:10
BRH:9
end_of_record
TN:
SF:src/fileUtils/verifyFile.ts
FN:13,(anonymous_8)
FN:15,(anonymous_9)
FNF:2
FNH:2
FNDA:8,(anonymous_8)
FNDA:8,(anonymous_9)
DA:1,7
DA:2,7
DA:13,7
DA:15,8
DA:16,8
DA:18,8
DA:19,8
DA:20,8
DA:21,8
DA:22,8
DA:23,8
DA:24,8
DA:25,8
DA:26,8
DA:27,8
DA:28,8
DA:29,8
DA:30,8
DA:31,8
DA:33,8
DA:34,8
DA:36,2
DA:37,2
DA:38,2
DA:39,2
DA:40,2
DA:41,2
DA:42,2
DA:43,2
DA:44,2
DA:45,2
DA:48,6
DA:51,8
LF:33
LH:33
BRDA:42,0,0,0
BRDA:42,0,1,2
BRF:2
BRH:1
end_of_record
TN:
SF:src/fileUtils/waitForFile.ts
FN:14,waitForFile
FN:14,(anonymous_9)
FN:24,(anonymous_10)
FN:25,(anonymous_11)
FN:28,(anonymous_12)
FN:28,(anonymous_13)
FN:33,(anonymous_14)
FN:42,(anonymous_15)
FN:46,(anonymous_16)
FN:46,(anonymous_17)
FN:94,(anonymous_18)
FN:102,(anonymous_19)
FN:111,(anonymous_20)
FNF:13
FNH:9
FNDA:2,waitForFile
FNDA:2,(anonymous_9)
FNDA:1,(anonymous_10)
FNDA:1,(anonymous_11)
FNDA:0,(anonymous_12)
FNDA:0,(anonymous_13)
FNDA:0,(anonymous_14)
FNDA:2,(anonymous_15)
FNDA:1,(anonymous_16)
FNDA:1,(anonymous_17)
FNDA:1,(anonymous_18)
FNDA:0,(anonymous_19)
FNDA:2,(anonymous_20)
DA:1,4
DA:2,4
DA:3,4
DA:5,4
DA:6,4
DA:14,4
DA:22,2
DA:24,1
DA:25,1
DA:28,2
DA:29,0
DA:30,0
DA:31,0
DA:33,0
DA:34,0
DA:35,0
DA:37,0
DA:41,2
DA:43,2
DA:44,2
DA:46,1
DA:47,1
DA:52,0
DA:54,1
DA:56,1
DA:57,0
DA:58,0
DA:62,0
DA:63,0
DA:64,0
DA:68,0
DA:69,0
DA:70,0
DA:71,0
DA:72,0
DA:78,1
DA:80,1
DA:81,1
DA:82,1
DA:83,1
DA:84,1
DA:94,2
DA:95,1
DA:96,1
DA:97,1
DA:98,1
DA:102,2
DA:103,0
DA:104,0
DA:105,0
DA:106,0
DA:107,0
DA:111,2
DA:112,2
DA:113,0
DA:114,0
DA:115,0
LF:57
LH:31
BRDA:16,0,0,0
BRDA:33,1,0,0
BRDA:33,1,1,0
BRDA:34,2,0,0
BRDA:34,2,1,0
BRDA:34,3,0,0
BRDA:34,3,1,0
BRDA:47,4,0,0
BRDA:47,4,1,1
BRDA:48,5,0,1
BRDA:48,5,1,1
BRDA:48,5,2,1
BRDA:56,6,0,0
BRDA:56,6,1,1
BRDA:57,7,0,0
BRDA:57,7,1,0
BRDA:64,8,0,0
BRDA:64,8,1,0
BRDA:68,9,0,0
BRDA:68,9,1,0
BRDA:74,10,0,0
BRDA:74,10,1,0
BRDA:78,11,0,1
BRDA:78,11,1,0
BRDA:78,12,0,1
BRDA:78,12,1,1
BRDA:80,13,0,1
BRDA:80,13,1,0
BRDA:95,14,0,1
BRDA:95,14,1,0
BRDA:103,15,0,0
BRDA:103,15,1,0
BRDA:112,16,0,0
BRDA:112,16,1,2
BRF:34
BRH:11
end_of_record
TN:
SF:src/itchDownloader/downloadCollection.ts
FN:8,parseCollectionId
FN:14,fetchGameUrls
FN:56,downloadCollection
FN:57,(anonymous_11)
FN:64,(anonymous_12)
FNF:5
FNH:5
FNDA:2,parseCollectionId
FNDA:2,fetchGameUrls
FNDA:2,downloadCollection
FNDA:2,(anonymous_11)
FNDA:4,(anonymous_12)
DA:1,2
DA:9,2
DA:10,2
DA:11,2
DA:18,2
DA:19,2
DA:20,2
DA:21,3
DA:24,3
DA:25,3
DA:26,3
DA:27,3
DA:28,0
DA:31,0
DA:32,0
DA:34,3
DA:35,3
DA:36,3
DA:37,4
DA:40,3
DA:41,3
DA:42,2
DA:44,1
DA:45,1
DA:47,2
DA:56,2
DA:57,2
DA:61,2
DA:62,2
DA:63,2
DA:64,2
DA:65,4
DA:66,4
DA:67,4
DA:68,4
DA:69,4
DA:71,2
LF:37
LH:34
BRDA:10,0,0,0
BRDA:10,0,1,2
BRDA:25,1,0,2
BRDA:25,1,1,1
BRDA:27,2,0,0
BRDA:27,2,1,3
BRDA:35,3,0,3
BRDA:35,3,1,0
BRDA:37,4,0,4
BRDA:37,4,1,0
BRDA:37,5,0,4
BRDA:37,5,1,4
BRDA:40,6,0,1
BRDA:40,6,1,2
BRDA:40,7,0,3
BRDA:40,7,1,1
BRDA:41,8,0,2
BRDA:41,8,1,1
BRDA:41,9,0,3
BRDA:41,9,1,1
BRDA:45,10,0,1
BRDA:45,10,1,0
BRDA:59,11,0,1
BRDA:61,12,0,2
BRDA:61,12,1,1
BRDA:66,13,0,3
BRDA:66,13,1,1
BRDA:67,14,0,0
BRDA:67,14,1,4
BRDA:68,15,0,3
BRDA:68,15,1,1
BRDA:71,16,0,1
BRDA:71,16,1,1
BRDA:71,17,0,2
BRDA:71,17,1,2
BRF:35
BRH:29
end_of_record
TN:
SF:src/itchDownloader/downloadGame.ts
FN:16,log
FN:32,downloadGame
FN:33,(anonymous_19)
FN:45,(anonymous_20)
FN:47,(anonymous_21)
FN:53,worker
FN:59,(anonymous_24)
FN:75,downloadGameSingle
FN:146,(anonymous_27)
FN:179,attemptPuppeteer
FN:192,(anonymous_30)
FN:200,(anonymous_31)
FN:278,(anonymous_32)
FN:289,registerCleanup
FN:293,cleanUp
FN:305,(anonymous_35)
FNF:16
FNH:12
FNDA:23,log
FNDA:16,downloadGame
FNDA:16,(anonymous_19)
FNDA:3,(anonymous_20)
FNDA:0,(anonymous_21)
FNDA:2,worker
FNDA:0,(anonymous_24)
FNDA:18,downloadGameSingle
FNDA:11,(anonymous_27)
FNDA:13,attemptPuppeteer
FNDA:9,(anonymous_30)
FNDA:9,(anonymous_31)
FNDA:3,(anonymous_32)
FNDA:3,registerCleanup
FNDA:0,cleanUp
FNDA:0,(anonymous_35)
DA:2,3
DA:3,3
DA:4,3
DA:5,3
DA:6,3
DA:7,3
DA:8,3
DA:9,3
DA:10,3
DA:12,3
DA:13,3
DA:14,3
DA:17,23
DA:18,2
DA:23,3
DA:32,3
DA:33,16
DA:37,16
DA:40,16
DA:41,16
DA:43,16
DA:44,1
DA:45,3
DA:46,1
DA:47,0
DA:50,1
DA:51,1
DA:54,2
DA:55,5
DA:56,5
DA:57,3
DA:58,3
DA:59,0
DA:64,1
DA:65,1
DA:66,2
DA:68,1
DA:69,1
DA:71,15
DA:75,3
DA:91,18
DA:94,18
DA:95,2
DA:101,16
DA:102,16
DA:103,15
DA:107,16
DA:108,16
DA:109,3
DA:118,13
DA:119,1
DA:123,12
DA:124,12
DA:125,12
DA:126,1
DA:128,11
DA:131,11
DA:135,0
DA:136,0
DA:137,0
DA:138,0
DA:140,0
DA:144,11
DA:145,11
DA:146,11
DA:151,11
DA:152,0
DA:162,11
DA:166,11
DA:167,1
DA:177,10
DA:180,13
DA:181,13
DA:182,13
DA:183,13
DA:184,13
DA:186,13
DA:187,13
DA:189,13
DA:190,9
DA:192,18
DA:193,9
DA:194,9
DA:195,0
DA:197,9
DA:198,9
DA:200,18
DA:201,9
DA:206,9
DA:207,0
DA:209,9
DA:213,9
DA:214,0
DA:216,9
DA:218,9
DA:221,9
DA:222,9
DA:223,9
DA:224,9
DA:225,9
DA:226,0
DA:227,0
DA:228,0
DA:230,9
DA:231,3
DA:235,3
DA:236,0
DA:237,3
DA:240,9
DA:241,9
DA:246,9
DA:247,9
DA:253,9
DA:254,9
DA:255,9
DA:257,4
DA:258,4
DA:259,4
DA:260,0
DA:262,4
DA:264,13
DA:265,9
DA:266,9
DA:270,9
DA:275,10
DA:276,10
DA:277,10
DA:278,3
DA:279,3
DA:281,3
DA:282,3
DA:285,10
DA:288,3
DA:290,3
DA:291,3
DA:294,0
DA:295,0
DA:296,0
DA:301,0
DA:304,3
DA:305,3
DA:306,0
DA:307,0
DA:310,3
LF:144
LH:122
BRDA:17,0,0,2
BRDA:17,0,1,21
BRDA:34,1,0,15
BRDA:37,2,0,16
BRDA:37,2,1,0
BRDA:40,3,0,16
BRDA:40,3,1,0
BRDA:40,4,0,16
BRDA:40,4,1,16
BRDA:41,5,0,0
BRDA:41,5,1,16
BRDA:41,6,0,16
BRDA:41,6,1,16
BRDA:43,7,0,1
BRDA:43,7,1,15
BRDA:46,8,0,0
BRDA:46,8,1,1
BRDA:56,9,0,2
BRDA:56,9,1,3
BRDA:58,10,0,0
BRDA:58,10,1,3
BRDA:58,11,0,3
BRDA:58,11,1,0
BRDA:85,12,0,18
BRDA:86,13,0,16
BRDA:87,14,0,16
BRDA:88,15,0,18
BRDA:89,16,0,18
BRDA:94,17,0,2
BRDA:94,17,1,16
BRDA:94,18,0,18
BRDA:94,18,1,5
BRDA:94,18,2,4
BRDA:102,19,0,15
BRDA:102,19,1,1
BRDA:102,20,0,16
BRDA:102,20,1,16
BRDA:102,20,2,15
BRDA:107,21,0,16
BRDA:107,21,1,14
BRDA:108,22,0,3
BRDA:108,22,1,13
BRDA:113,23,0,2
BRDA:113,23,1,1
BRDA:118,24,0,1
BRDA:118,24,1,12
BRDA:125,25,0,1
BRDA:125,25,1,11
BRDA:131,26,0,0
BRDA:131,26,1,11
BRDA:132,27,0,11
BRDA:132,27,1,11
BRDA:137,28,0,0
BRDA:137,28,1,0
BRDA:151,29,0,0
BRDA:151,29,1,11
BRDA:162,30,0,6
BRDA:162,30,1,5
BRDA:166,31,0,1
BRDA:166,31,1,10
BRDA:166,32,0,11
BRDA:166,32,1,10
BRDA:166,32,2,0
BRDA:166,32,3,0
BRDA:190,33,0,0
BRDA:190,33,1,9
BRDA:194,34,0,0
BRDA:194,34,1,9
BRDA:194,35,0,9
BRDA:194,35,1,9
BRDA:206,36,0,0
BRDA:206,36,1,9
BRDA:213,37,0,0
BRDA:213,37,1,9
BRDA:218,38,0,3
BRDA:218,38,1,6
BRDA:230,39,0,3
BRDA:230,39,1,6
BRDA:230,40,0,9
BRDA:230,40,1,6
BRDA:235,41,0,0
BRDA:235,41,1,3
BRDA:240,42,0,0
BRDA:240,42,1,9
BRDA:240,43,0,9
BRDA:240,43,1,9
BRDA:243,44,0,0
BRDA:243,44,1,9
BRDA:243,45,0,9
BRDA:243,45,1,9
BRDA:243,46,0,0
BRDA:243,46,1,9
BRDA:243,47,0,9
BRDA:243,47,1,9
BRDA:246,48,0,9
BRDA:246,48,1,0
BRDA:257,49,0,4
BRDA:257,49,1,0
BRDA:259,50,0,0
BRDA:259,50,1,4
BRDA:264,51,0,9
BRDA:264,51,1,4
BRDA:264,52,0,4
BRDA:264,52,1,9
BRDA:264,53,0,13
BRDA:264,53,1,9
BRDA:277,54,0,13
BRDA:277,54,1,4
BRDA:290,55,0,0
BRDA:290,55,1,3
BRF:110
BRH:86
end_of_record
TN:
SF:src/itchDownloader/downloadGameApi.ts
FN:12,downloadGameViaApi
FN:71,(anonymous_19)
FN:86,(anonymous_20)
FNF:3
FNH:1
FNDA:3,downloadGameViaApi
FNDA:0,(anonymous_19)
FNDA:0,(anonymous_20)
DA:1,3
DA:2,3
DA:3,3
DA:4,3
DA:5,3
DA:6,3
DA:7,3
DA:8,3
DA:9,3
DA:12,3
DA:25,3
DA:27,3
DA:28,0
DA:31,3
DA:32,3
DA:33,0
DA:36,3
DA:41,3
DA:43,3
DA:44,0
DA:47,3
DA:48,0
DA:54,3
DA:55,3
DA:56,2
DA:58,3
DA:59,3
DA:60,0
DA:62,3
DA:63,3
DA:64,3
DA:67,3
DA:68,0
DA:70,3
DA:72,0
DA:75,3
DA:76,3
DA:79,3
DA:80,1
DA:85,1
DA:86,0
DA:87,0
DA:90,2
DA:91,0
DA:93,2
DA:96,3
DA:99,3
DA:100,2
DA:101,2
DA:102,2
DA:103,2
DA:104,2
DA:105,2
DA:106,0
DA:107,0
DA:108,0
DA:110,2
DA:111,0
DA:112,0
DA:113,0
DA:117,3
DA:120,3
DA:121,2
DA:124,3
DA:133,0
DA:134,0
LF:66
LH:48
BRDA:23,0,0,3
BRDA:27,1,0,0
BRDA:27,1,1,3
BRDA:27,2,0,3
BRDA:27,2,1,0
BRDA:27,2,2,0
BRDA:31,3,0,3
BRDA:31,3,1,0
BRDA:32,4,0,0
BRDA:32,4,1,3
BRDA:36,5,0,2
BRDA:36,5,1,1
BRDA:38,6,0,1
BRDA:38,6,1,0
BRDA:43,7,0,0
BRDA:43,7,1,3
BRDA:43,8,0,3
BRDA:43,8,1,0
BRDA:43,8,2,0
BRDA:47,9,0,0
BRDA:47,9,1,3
BRDA:55,10,0,2
BRDA:55,10,1,1
BRDA:59,11,0,0
BRDA:59,11,1,3
BRDA:59,12,0,3
BRDA:59,12,1,3
BRDA:59,13,0,0
BRDA:59,13,1,3
BRDA:59,14,0,3
BRDA:59,14,1,3
BRDA:67,15,0,0
BRDA:67,15,1,3
BRDA:67,16,0,3
BRDA:67,16,1,3
BRDA:70,17,0,0
BRDA:70,17,1,3
BRDA:71,18,0,0
BRDA:71,18,1,0
BRDA:72,19,0,0
BRDA:72,19,1,0
BRDA:72,20,0,0
BRDA:72,20,1,0
BRDA:75,21,0,3
BRDA:75,21,1,0
BRDA:76,22,0,2
BRDA:76,22,1,1
BRDA:79,23,0,1
BRDA:79,23,1,2
BRDA:85,24,0,0
BRDA:85,24,1,1
BRDA:90,25,0,0
BRDA:90,25,1,2
BRDA:96,26,0,3
BRDA:96,26,1,1
BRDA:99,27,0,2
BRDA:99,27,1,1
BRDA:99,28,0,3
BRDA:99,28,1,2
BRDA:100,29,0,2
BRDA:100,29,1,2
BRDA:105,30,0,2
BRDA:105,30,1,2
BRDA:110,31,0,0
BRDA:110,31,1,2
BRDA:110,32,0,2
BRDA:110,32,1,2
BRDA:112,33,0,0
BRDA:112,33,1,0
BRDA:117,34,0,2
BRDA:117,34,1,1
BRDA:120,35,0,2
BRDA:120,35,1,1
BRDA:120,36,0,3
BRDA:120,36,1,3
BRDA:127,37,0,2
BRDA:127,37,1,1
BRDA:136,38,0,0
BRDA:136,38,1,0
BRF:79
BRH:51
end_of_record
TN:
SF:src/itchDownloader/downloadGameDirect.ts
FN:30,parsePage
FN:37,(anonymous_9)
FN:47,(anonymous_10)
FN:51,(anonymous_11)
FN:68,downloadGameDirect
FN:183,(anonymous_14)
FN:258,(anonymous_15)
FNF:7
FNH:4
FNDA:13,parsePage
FNDA:0,(anonymous_9)
FNDA:2,(anonymous_10)
FNDA:10,(anonymous_11)
FNDA:21,downloadGameDirect
FNDA:0,(anonymous_14)
FNDA:0,(anonymous_15)
DA:1,4
DA:2,4
DA:3,4
DA:4,4
DA:5,4
DA:6,4
DA:7,4
DA:8,4
DA:12,4
DA:31,13
DA:32,13
DA:33,13
DA:36,13
DA:37,0
DA:39,13
DA:41,13
DA:42,13
DA:44,0
DA:45,0
DA:47,13
DA:49,13
DA:51,10
DA:68,4
DA:80,21
DA:82,21
DA:83,1
DA:86,20
DA:87,20
DA:88,11
DA:90,20
DA:91,2
DA:94,18
DA:100,18
DA:101,18
DA:102,17
DA:106,18
DA:109,18
DA:110,9
DA:112,8
DA:113,8
DA:115,8
DA:116,1
DA:120,7
DA:121,1
DA:125,6
DA:129,2
DA:130,2
DA:132,2
DA:133,1
DA:135,1
DA:136,0
DA:141,5
DA:145,5
DA:156,5
DA:157,0
DA:159,5
DA:160,5
DA:161,0
DA:165,5
DA:168,5
DA:169,0
DA:171,5
DA:172,5
DA:175,5
DA:179,5
DA:180,0
DA:182,0
DA:183,0
DA:184,0
DA:185,0
DA:188,5
DA:189,5
DA:190,0
DA:193,5
DA:196,5
DA:207,5
DA:208,0
DA:210,5
DA:211,5
DA:212,0
DA:216,5
DA:219,5
DA:220,1
DA:224,4
DA:225,4
DA:226,4
DA:229,4
DA:231,4
DA:232,1
DA:233,3
DA:234,3
DA:235,3
DA:239,4
DA:240,3
DA:241,3
DA:242,3
DA:243,3
DA:244,3
DA:245,3
DA:246,0
DA:247,0
DA:248,0
DA:250,3
DA:251,0
DA:252,0
DA:253,0
DA:258,4
DA:259,4
DA:261,4
DA:264,4
DA:265,0
DA:268,4
DA:277,1
DA:278,1
LF:114
LH:92
BRDA:41,0,0,13
BRDA:41,0,1,0
BRDA:45,1,0,0
BRDA:45,1,1,0
BRDA:50,2,0,13
BRDA:50,2,1,1
BRDA:50,3,0,1
BRDA:50,3,1,12
BRDA:50,4,0,13
BRDA:50,4,1,12
BRDA:54,5,0,2
BRDA:54,5,1,11
BRDA:54,6,0,13
BRDA:54,6,1,13
BRDA:54,7,0,11
BRDA:54,7,1,2
BRDA:54,8,0,13
BRDA:54,8,1,2
BRDA:78,9,0,16
BRDA:82,10,0,1
BRDA:82,10,1,20
BRDA:82,11,0,21
BRDA:82,11,1,4
BRDA:82,11,2,3
BRDA:87,12,0,11
BRDA:87,12,1,9
BRDA:87,13,0,20
BRDA:87,13,1,13
BRDA:87,13,2,11
BRDA:90,14,0,2
BRDA:90,14,1,18
BRDA:94,15,0,13
BRDA:94,15,1,5
BRDA:96,16,0,1
BRDA:96,16,1,4
BRDA:101,17,0,17
BRDA:101,17,1,1
BRDA:109,18,0,9
BRDA:109,18,1,8
BRDA:115,19,0,1
BRDA:115,19,1,7
BRDA:120,20,0,1
BRDA:120,20,1,6
BRDA:120,21,0,7
BRDA:120,21,1,1
BRDA:125,22,0,2
BRDA:125,22,1,4
BRDA:125,23,0,6
BRDA:125,23,1,2
BRDA:129,24,0,2
BRDA:129,24,1,1
BRDA:132,25,0,1
BRDA:132,25,1,1
BRDA:132,26,0,2
BRDA:132,26,1,1
BRDA:135,27,0,0
BRDA:135,27,1,1
BRDA:135,28,0,1
BRDA:135,28,1,0
BRDA:141,29,0,4
BRDA:141,29,1,1
BRDA:156,30,0,0
BRDA:156,30,1,5
BRDA:160,31,0,0
BRDA:160,31,1,5
BRDA:168,32,0,0
BRDA:168,32,1,5
BRDA:179,33,0,0
BRDA:179,33,1,5
BRDA:182,34,0,0
BRDA:182,34,1,0
BRDA:184,35,0,0
BRDA:184,35,1,0
BRDA:188,36,0,5
BRDA:188,36,1,5
BRDA:188,36,2,0
BRDA:189,37,0,0
BRDA:189,37,1,5
BRDA:193,38,0,5
BRDA:193,38,1,0
BRDA:207,39,0,0
BRDA:207,39,1,5
BRDA:211,40,0,0
BRDA:211,40,1,5
BRDA:219,41,0,1
BRDA:219,41,1,4
BRDA:225,42,0,0
BRDA:225,42,1,4
BRDA:225,43,0,4
BRDA:225,43,1,4
BRDA:226,44,0,4
BRDA:226,44,1,0
BRDA:226,45,0,0
BRDA:226,45,1,4
BRDA:226,46,0,4
BRDA:226,46,1,4
BRDA:231,47,0,1
BRDA:231,47,1,3
BRDA:233,48,0,3
BRDA:233,48,1,0
BRDA:239,49,0,3
BRDA:239,49,1,1
BRDA:239,50,0,4
BRDA:239,50,1,3
BRDA:240,51,0,3
BRDA:240,51,1,3
BRDA:245,52,0,3
BRDA:245,52,1,0
BRDA:250,53,0,0
BRDA:250,53,1,3
BRDA:250,54,0,3
BRDA:250,54,1,3
BRDA:252,55,0,0
BRDA:252,55,1,0
BRDA:259,56,0,0
BRDA:259,56,1,4
BRDA:259,57,0,4
BRDA:259,57,1,4
BRDA:261,58,0,3
BRDA:261,58,1,1
BRDA:261,59,0,4
BRDA:261,59,1,3
BRDA:262,60,0,3
BRDA:262,60,1,0
BRDA:264,61,0,0
BRDA:264,61,1,4
BRDA:264,62,0,4
BRDA:264,62,1,0
BRDA:264,62,2,0
BRDA:271,63,0,3
BRDA:271,63,1,1
BRDA:280,64,0,1
BRDA:280,64,1,0
BRF:133
BRH:101
end_of_record
TN:
SF:src/itchDownloader/downloadGameHtml5.ts
FN:20,parseAssetRefs
FN:48,scanJsForAssets
FN:68,downloadGameHtml5
FN:125,(anonymous_12)
FN:192,(anonymous_13)
FNF:5
FNH:4
FNDA:5,parseAssetRefs
FNDA:4,scanJsForAssets
FNDA:7,downloadGameHtml5
FNDA:6,(anonymous_12)
FNDA:0,(anonymous_13)
DA:1,4
DA:2,4
DA:3,4
DA:4,4
DA:5,4
DA:6,4
DA:10,4
DA:14,4
DA:21,5
DA:22,5
DA:23,5
DA:24,6
DA:26,6
DA:27,0
DA:28,0
DA:29,0
DA:31,0
DA:33,0
DA:35,6
DA:36,0
DA:39,6
DA:42,5
DA:49,4
DA:51,4
DA:52,4
DA:53,4
DA:54,4
DA:55,4
DA:58,4
DA:68,4
DA:78,7
DA:80,7
DA:81,7
DA:82,1
DA:84,7
DA:85,1
DA:88,6
DA:92,6
DA:94,6
DA:95,6
DA:96,0
DA:98,6
DA:100,6
DA:101,6
DA:102,1
DA:105,5
DA:106,5
DA:109,5
DA:110,5
DA:111,5
DA:114,5
DA:115,5
DA:116,0
DA:118,5
DA:121,5
DA:122,5
DA:125,6
DA:126,5
DA:128,5
DA:129,4
DA:130,4
DA:131,4
DA:132,4
DA:133,4
DA:141,5
DA:144,5
DA:145,5
DA:146,5
DA:148,5
DA:149,10
DA:151,10
DA:152,10
DA:153,0
DA:154,0
DA:157,10
DA:158,10
DA:159,10
DA:160,1
DA:161,1
DA:164,9
DA:165,9
DA:167,9
DA:168,9
DA:169,9
DA:171,9
DA:172,9
DA:174,9
DA:175,0
DA:182,0
DA:187,5
DA:188,5
DA:189,5
DA:192,5
DA:193,5
DA:195,5
DA:198,5
DA:199,0
DA:202,5
DA:206,5
DA:215,0
LF:100
LH:86
BRDA:26,0,0,0
BRDA:26,0,1,6
BRDA:26,1,0,6
BRDA:26,1,1,6
BRDA:29,2,0,0
BRDA:29,2,1,0
BRDA:35,3,0,0
BRDA:35,3,1,6
BRDA:35,4,0,6
BRDA:35,4,1,6
BRDA:35,4,2,6
BRDA:54,5,0,4
BRDA:54,5,1,0
BRDA:54,6,0,4
BRDA:54,6,1,4
BRDA:54,6,2,4
BRDA:76,7,0,2
BRDA:81,8,0,1
BRDA:81,8,1,6
BRDA:81,9,0,7
BRDA:81,9,1,2
BRDA:81,9,2,1
BRDA:84,10,0,1
BRDA:84,10,1,6
BRDA:88,11,0,6
BRDA:88,11,1,0
BRDA:95,12,0,0
BRDA:95,12,1,6
BRDA:101,13,0,1
BRDA:101,13,1,5
BRDA:109,14,0,5
BRDA:109,14,1,0
BRDA:115,15,0,0
BRDA:115,15,1,5
BRDA:125,16,0,6
BRDA:125,16,1,4
BRDA:131,17,0,4
BRDA:131,17,1,0
BRDA:152,18,0,0
BRDA:152,18,1,10
BRDA:159,19,0,1
BRDA:159,19,1,9
BRDA:174,20,0,0
BRDA:174,20,1,9
BRDA:193,21,0,0
BRDA:193,21,1,5
BRDA:193,22,0,5
BRDA:193,22,1,5
BRDA:195,23,0,5
BRDA:195,23,1,0
BRDA:196,24,0,5
BRDA:196,24,1,0
BRDA:198,25,0,0
BRDA:198,25,1,5
BRDA:198,26,0,5
BRDA:198,26,1,0
BRDA:198,26,2,0
BRDA:202,27,0,1
BRDA:202,27,1,4
BRDA:203,28,0,0
BRDA:203,28,1,1
BRDA:217,29,0,0
BRDA:217,29,1,0
BRF:63
BRH:42
end_of_record
TN:
SF:src/itchDownloader/fetchItchGameProfile.ts
FN:10,(anonymous_7)
FN:20,(anonymous_8)
FNF:2
FNH:2
FNDA:2,(anonymous_7)
FNDA:2,(anonymous_8)
DA:1,4
DA:2,4
DA:10,4
DA:20,2
DA:21,2
DA:22,0
DA:25,2
DA:26,0
DA:31,2
DA:32,2
DA:33,2
DA:34,2
DA:35,2
DA:37,2
DA:38,2
DA:39,1
DA:40,0
DA:43,1
DA:46,2
DA:47,2
DA:50,1
DA:51,0
DA:54,0
DA:57,1
DA:61,2
DA:64,2
DA:66,2
DA:68,1
DA:73,1
DA:79,1
DA:80,1
DA:83,1
DA:84,0
DA:88,0
DA:92,0
DA:93,0
DA:96,1
DA:111,1
LF:38
LH:29
BRDA:14,0,0,2
BRDA:21,1,0,0
BRDA:21,1,1,2
BRDA:21,2,0,2
BRDA:21,2,1,0
BRDA:21,2,2,0
BRDA:25,3,0,0
BRDA:25,3,1,2
BRDA:39,4,0,0
BRDA:39,4,1,1
BRDA:43,5,0,1
BRDA:43,5,1,0
BRDA:50,6,0,0
BRDA:50,6,1,1
BRDA:54,7,0,0
BRDA:54,7,1,0
BRDA:57,8,0,1
BRDA:57,8,1,0
BRDA:61,9,0,1
BRDA:61,9,1,1
BRDA:61,10,0,2
BRDA:61,10,1,1
BRDA:66,11,0,1
BRDA:66,11,1,1
BRDA:75,12,0,0
BRDA:75,12,1,1
BRDA:75,13,0,1
BRDA:75,13,1,1
BRDA:77,14,0,0
BRDA:77,14,1,1
BRDA:77,15,0,1
BRDA:77,15,1,1
BRDA:79,16,0,0
BRDA:79,16,1,1
BRDA:83,17,0,0
BRDA:83,17,1,1
BRDA:83,18,0,1
BRDA:83,18,1,1
BRDA:86,19,0,0
BRDA:86,19,1,0
BRDA:86,20,0,0
BRDA:86,20,1,0
BRDA:86,21,0,0
BRDA:86,21,1,0
BRDA:86,22,0,0
BRDA:86,22,1,0
BRDA:86,23,0,0
BRDA:86,23,1,0
BRDA:90,24,0,0
BRDA:90,24,1,0
BRDA:90,25,0,0
BRDA:90,25,1,0
BRDA:90,26,0,0
BRDA:90,26,1,0
BRDA:90,27,0,0
BRDA:90,27,1,0
BRDA:90,28,0,0
BRDA:90,28,1,0
BRDA:92,29,0,0
BRDA:92,29,1,0
BRDA:100,30,0,1
BRDA:100,30,1,0
BRF:62
BRH:25
end_of_record
TN:
SF:src/itchDownloader/httpDownload.ts
FN:12,responseToReadable
FN:25,safeProgress
FN:40,streamToFile
FN:51,(anonymous_19)
FN:66,streamToBuffer
FNF:5
FNH:5
FNDA:10,responseToReadable
FNDA:4,safeProgress
FNDA:7,streamToFile
FNDA:1,(anonymous_19)
FNDA:3,streamToBuffer
DA:1,5
DA:2,5
DA:3,5
DA:4,5
DA:5,5
DA:13,10
DA:14,0
DA:15,10
DA:16,10
DA:18,0
DA:29,4
DA:30,2
DA:31,2
DA:40,5
DA:45,7
DA:46,7
DA:47,7
DA:48,7
DA:49,7
DA:50,7
DA:51,1
DA:52,1
DA:53,1
DA:60,7
DA:66,5
DA:71,3
DA:72,3
DA:73,3
DA:74,3
DA:75,9
DA:76,3
DA:77,3
DA:78,3
DA:79,3
DA:81,3
LF:35
LH:33
BRDA:13,0,0,0
BRDA:13,0,1,10
BRDA:13,1,0,10
BRDA:13,1,1,10
BRDA:15,2,0,10
BRDA:15,2,1,0
BRDA:29,3,0,2
BRDA:29,3,1,2
BRDA:45,4,0,7
BRDA:45,4,1,2
BRDA:45,5,0,7
BRDA:45,5,1,2
BRDA:50,6,0,1
BRDA:50,6,1,6
BRDA:71,7,0,3
BRDA:71,7,1,2
BRDA:71,8,0,3
BRDA:71,8,1,2
BRF:18
BRH:16
end_of_record
TN:
SF:src/itchDownloader/initializeBrowser.ts
FN:5,(anonymous_17)
FN:13,(anonymous_18)
FN:19,(anonymous_19)
FN:35,(anonymous_20)
FN:37,(anonymous_21)
FN:62,(anonymous_22)
FN:70,(anonymous_23)
FNF:7
FNH:0
FNDA:0,(anonymous_17)
FNDA:0,(anonymous_18)
FNDA:0,(anonymous_19)
FNDA:0,(anonymous_20)
FNDA:0,(anonymous_21)
FNDA:0,(anonymous_22)
FNDA:0,(anonymous_23)
DA:1,1
DA:5,1
DA:13,0
DA:14,0
DA:15,0
DA:16,0
DA:18,0
DA:19,0
DA:20,0
DA:26,0
DA:28,0
DA:31,0
DA:35,0
DA:36,0
DA:37,0
DA:42,0
DA:43,0
DA:49,0
DA:50,0
DA:57,0
DA:58,0
DA:60,0
DA:63,0
DA:64,0
DA:68,0
DA:71,0
DA:72,0
DA:73,0
DA:78,0
DA:79,0
DA:81,0
DA:82,0
DA:85,0
LF:33
LH:2
BRDA:7,0,0,0
BRDA:49,1,0,0
BRDA:49,1,1,0
BRDA:63,2,0,0
BRDA:63,2,1,0
BRDA:71,3,0,0
BRDA:71,3,1,0
BRDA:72,4,0,0
BRDA:72,4,1,0
BRDA:81,5,0,0
BRDA:81,5,1,0
BRF:11
BRH:0
end_of_record
TN:
SF:src/itchDownloader/initiateDownload.ts
FN:12,(anonymous_7)
FN:20,(anonymous_8)
FN:44,(anonymous_9)
FN:55,(anonymous_10)
FNF:4
FNH:0
FNDA:0,(anonymous_7)
FNDA:0,(anonymous_8)
FNDA:0,(anonymous_9)
FNDA:0,(anonymous_10)
DA:12,1
DA:20,0
DA:21,0
DA:22,0
DA:23,0
DA:25,0
DA:26,0
DA:29,0
DA:35,0
DA:38,0
DA:41,0
DA:42,0
DA:43,0
DA:44,0
DA:45,0
DA:46,0
DA:47,0
DA:53,0
DA:54,0
DA:55,0
DA:57,0
DA:58,0
DA:59,0
DA:61,0
DA:62,0
DA:64,0
DA:66,0
DA:67,0
DA:70,0
DA:72,0
DA:73,0
DA:76,0
LF:32
LH:1
BRDA:15,0,0,0
BRDA:53,1,0,0
BRDA:53,1,1,0
BRDA:72,2,0,0
BRDA:72,2,1,0
BRF:5
BRH:0
end_of_record
TN:
SF:src/itchDownloader/itchApiClient.ts
FN:6,(anonymous_7)
FN:10,(anonymous_8)
FN:20,(anonymous_9)
FN:24,(anonymous_10)
FN:30,(anonymous_12)
FN:36,(anonymous_13)
FN:46,(anonymous_15)
FN:52,(anonymous_16)
FN:62,(anonymous_18)
FNF:9
FNH:6
FNDA:7,(anonymous_7)
FNDA:10,(anonymous_8)
FNDA:10,(anonymous_9)
FNDA:6,(anonymous_10)
FNDA:0,(anonymous_12)
FNDA:3,(anonymous_13)
FNDA:0,(anonymous_15)
FNDA:1,(anonymous_16)
FNDA:0,(anonymous_18)
DA:1,4
DA:4,4
DA:6,7
DA:7,7
DA:11,10
DA:12,10
DA:13,0
DA:14,0
DA:17,10
DA:21,10
DA:25,6
DA:26,6
DA:27,6
DA:28,1
DA:29,1
DA:30,1
DA:31,1
DA:33,5
DA:41,3
DA:42,3
DA:43,3
DA:44,0
DA:45,0
DA:46,0
DA:47,0
DA:49,3
DA:57,1
DA:58,1
DA:59,1
DA:60,0
DA:61,0
DA:62,0
DA:63,0
DA:65,1
LF:34
LH:24
BRDA:7,0,0,7
BRDA:7,0,1,7
BRDA:11,1,0,0
BRDA:11,1,1,10
BRDA:12,2,0,0
BRDA:12,2,1,10
BRDA:27,3,0,1
BRDA:27,3,1,5
BRDA:43,4,0,0
BRDA:43,4,1,3
BRDA:59,5,0,0
BRDA:59,5,1,1
BRF:12
BRH:8
end_of_record
TN:
SF:src/itchDownloader/parseItchGameMetadata.ts
FN:8,(anonymous_7)
FN:18,(anonymous_8)
FNF:2
FNH:2
FNDA:3,(anonymous_7)
FNDA:3,(anonymous_8)
DA:8,6
DA:18,3
DA:19,3
DA:20,0
DA:23,3
DA:28,1
DA:34,2
DA:35,2
DA:36,2
DA:37,0
DA:43,2
DA:45,2
DA:46,0
DA:49,2
DA:61,2
DA:63,0
LF:16
LH:12
BRDA:12,0,0,3
BRDA:19,1,0,0
BRDA:19,1,1,3
BRDA:19,2,0,3
BRDA:19,2,1,0
BRDA:19,2,2,0
BRDA:23,3,0,1
BRDA:23,3,1,2
BRDA:24,4,0,3
BRDA:24,4,1,3
BRDA:24,4,2,3
BRDA:36,5,0,0
BRDA:36,5,1,2
BRDA:45,6,0,0
BRDA:45,6,1,2
BRDA:45,7,0,2
BRDA:45,7,1,2
BRDA:45,7,2,2
BRDA:45,7,3,2
BRDA:55,8,0,2
BRDA:55,8,1,1
BRDA:66,9,0,0
BRDA:66,9,1,0
BRF:23
BRH:16
end_of_record
TN:
SF:src/itchDownloader/parseItchGameUrl.ts
FN:9,(anonymous_0)
FNF:1
FNH:1
FNDA:6,(anonymous_0)
DA:9,5
DA:14,6
DA:15,6
DA:16,6
DA:17,6
DA:18,6
DA:20,6
DA:22,6
DA:23,6
DA:25,6
DA:26,3
DA:27,3
DA:28,3
DA:29,3
DA:31,3
DA:34,3
DA:35,3
DA:36,3
DA:39,6
LF:19
LH:19
BRDA:25,0,0,3
BRDA:25,0,1,3
BRDA:25,1,0,6
BRDA:25,1,1,3
BRDA:36,2,0,3
BRDA:36,2,1,0
BRF:6
BRH:5
end_of_record
